BLOCKS: M=128, K=128
170: BM_SGEMM_EXO/n:4          42.3 ns         42.3 ns     16511553 flops=3.0277G/s
170: BM_SGEMM_EXO/n:8           237 ns          237 ns      2915280 flops=4.32495G/s
170: BM_SGEMM_EXO/n:16         1914 ns         1914 ns       364338 flops=4.27975G/s
170: BM_SGEMM_EXO/n:32        18694 ns        18694 ns        37491 flops=3.50566G/s
170: BM_SGEMM_EXO/n:64       170770 ns       170772 ns         4090 flops=3.07011G/s
170: BM_SGEMM_EXO/n:128       38210 ns        38210 ns        18412 flops=109.77G/s
170: BM_SGEMM_EXO/n:256      319435 ns       319437 ns         2184 flops=105.042G/s
170: BM_SGEMM_EXO/n:512     2611506 ns      2611512 ns          268 flops=102.789G/s
170: BM_SGEMM_EXO/n:1024   24100620 ns     24100751 ns           29 flops=89.1044G/s
170: BM_SGEMM_EXO/n:2048  241884068 ns    241872644 ns            3 flops=71.0286G/s
170: BM_SGEMM_EXO/n:4096 2215653211 ns   2215585636 ns            1 flops=62.0328G/s
170: BM_SGEMM_EXO/n:8192 1.9023e+10 ns   1.9023e+10 ns            1 flops=57.8G/s
BLOCKS: M=256, K=128
170: BM_SGEMM_EXO/n:4          53.2 ns         53.2 ns     13065297 flops=2.40404G/s
170: BM_SGEMM_EXO/n:8           324 ns          324 ns      2174006 flops=3.16174G/s
170: BM_SGEMM_EXO/n:16         2382 ns         2382 ns       294305 flops=3.43886G/s
170: BM_SGEMM_EXO/n:32        18629 ns        18629 ns        37749 flops=3.51802G/s
170: BM_SGEMM_EXO/n:64       170324 ns       170325 ns         4082 flops=3.07817G/s
170: BM_SGEMM_EXO/n:128     2204324 ns      2204347 ns          317 flops=1.90274G/s
170: BM_SGEMM_EXO/n:256      332871 ns       332874 ns         2078 flops=100.802G/s
170: BM_SGEMM_EXO/n:512     2716353 ns      2716356 ns          257 flops=98.8219G/s
170: BM_SGEMM_EXO/n:1024   24584629 ns     24583832 ns           27 flops=87.3535G/s
170: BM_SGEMM_EXO/n:2048  251947423 ns    251936636 ns            3 flops=68.1912G/s
170: BM_SGEMM_EXO/n:4096 2343374083 ns   2343246540 ns            1 flops=58.6532G/s
170: BM_SGEMM_EXO/n:8192 2.0034e+10 ns   2.0033e+10 ns            1 flops=54.8849G/s
BLOCKS: M=512, K=128
170: BM_SGEMM_EXO/n:2          13.7 ns         13.7 ns     51096294 flops=1.16477G/s
170: BM_SGEMM_EXO/n:4          47.1 ns         47.1 ns     14874257 flops=2.71659G/s
170: BM_SGEMM_EXO/n:8           286 ns          286 ns      2468616 flops=3.57904G/s
170: BM_SGEMM_EXO/n:16         2222 ns         2222 ns       314641 flops=3.68618G/s
170: BM_SGEMM_EXO/n:32        18491 ns        18489 ns        37859 flops=3.54466G/s
170: BM_SGEMM_EXO/n:64       171014 ns       171014 ns         4095 flops=3.06575G/s
170: BM_SGEMM_EXO/n:128     1823592 ns      1823425 ns          379 flops=2.30023G/s
170: BM_SGEMM_EXO/n:256    15837171 ns     15837262 ns           45 flops=2.1187G/s
170: BM_SGEMM_EXO/n:512     2741401 ns      2741126 ns          258 flops=97.9289G/s
170: BM_SGEMM_EXO/n:1024   25042195 ns     25040700 ns           28 flops=85.7597G/s
170: BM_SGEMM_EXO/n:2048  265788893 ns    265762589 ns            3 flops=64.6437G/s
170: BM_SGEMM_EXO/n:4096 2467350026 ns   2467071051 ns            1 flops=55.7094G/s
170: BM_SGEMM_EXO/n:8192 2.0848e+10 ns   2.0847e+10 ns            1 flops=52.7427G/s
BLOCKS: M=1024, K=128
170: BM_SGEMM_EXO/n:2          13.7 ns         13.7 ns     50882637 flops=1.16542G/s
170: BM_SGEMM_EXO/n:4          47.0 ns         47.0 ns     14893438 flops=2.72176G/s
170: BM_SGEMM_EXO/n:8           287 ns          287 ns      2448393 flops=3.57416G/s
170: BM_SGEMM_EXO/n:16         2213 ns         2213 ns       316549 flops=3.70146G/s
170: BM_SGEMM_EXO/n:32        18603 ns        18603 ns        37855 flops=3.5228G/s
170: BM_SGEMM_EXO/n:64       171107 ns       171110 ns         4077 flops=3.06404G/s
170: BM_SGEMM_EXO/n:128     1825197 ns      1825159 ns          385 flops=2.29805G/s
170: BM_SGEMM_EXO/n:256    14632596 ns     14632772 ns           47 flops=2.2931G/s
170: BM_SGEMM_EXO/n:512   129419347 ns    129420062 ns            4 flops=2.07414G/s
170: BM_SGEMM_EXO/n:1024   26286336 ns     26286056 ns           26 flops=81.6967G/s
170: BM_SGEMM_EXO/n:2048  276474464 ns    276451224 ns            2 flops=62.1443G/s
170: BM_SGEMM_EXO/n:4096 2628234558 ns   2628194281 ns            1 flops=52.2941G/s
170: BM_SGEMM_EXO/n:8192 2.2797e+10 ns   2.2797e+10 ns            1 flops=48.2307G/s
BLOCKS: M=2048, K=128
170: BM_SGEMM_EXO/n:2          13.7 ns         13.7 ns     50996517 flops=1.16788G/s
170: BM_SGEMM_EXO/n:4          47.0 ns         47.0 ns     14803628 flops=2.72415G/s
170: BM_SGEMM_EXO/n:8           286 ns          286 ns      2426209 flops=3.57649G/s
170: BM_SGEMM_EXO/n:16         2210 ns         2210 ns       311238 flops=3.70743G/s
170: BM_SGEMM_EXO/n:32        18502 ns        18502 ns        37844 flops=3.54205G/s
170: BM_SGEMM_EXO/n:64       172139 ns       172142 ns         4079 flops=3.04568G/s
170: BM_SGEMM_EXO/n:128     1820518 ns      1820538 ns          384 flops=2.30388G/s
170: BM_SGEMM_EXO/n:256    15104920 ns     15104873 ns           47 flops=2.22143G/s
170: BM_SGEMM_EXO/n:512   131235932 ns    131236670 ns            4 flops=2.04543G/s
170: BM_SGEMM_EXO/n:2048  308206724 ns    308199569 ns            2 flops=55.7427G/s
170: BM_SGEMM_EXO/n:4096 2827823611 ns   2827792111 ns            1 flops=48.6029G/s
170: BM_SGEMM_EXO/n:8192 2.4269e+10 ns   2.4269e+10 ns            1 flops=45.3053G/s
BLOCKS: M=4096, K=128
170: BM_SGEMM_EXO/n:2          13.7 ns         13.7 ns     51240279 flops=1.16781G/s
170: BM_SGEMM_EXO/n:4          46.9 ns         46.9 ns     14807353 flops=2.72716G/s
170: BM_SGEMM_EXO/n:8           286 ns          286 ns      2431507 flops=3.57757G/s
170: BM_SGEMM_EXO/n:16         2203 ns         2203 ns       312641 flops=3.71889G/s
170: BM_SGEMM_EXO/n:32        18525 ns        18525 ns        37821 flops=3.53775G/s
170: BM_SGEMM_EXO/n:64       172295 ns       172295 ns         4104 flops=3.04296G/s
170: BM_SGEMM_EXO/n:128     1812349 ns      1812359 ns          386 flops=2.31428G/s
170: BM_SGEMM_EXO/n:256    14694498 ns     14694462 ns           46 flops=2.28347G/s
170: BM_SGEMM_EXO/n:512   128631270 ns    128631349 ns            4 flops=2.08686G/s
170: BM_SGEMM_EXO/n:4096 2951382997 ns   2951291022 ns            1 flops=46.5691G/s
170: BM_SGEMM_EXO/n:8192 2.5750e+10 ns   2.5750e+10 ns            1 flops=42.6996G/s
BLOCKS: M=128, K=256
170: BM_SGEMM_EXO/n:4          51.5 ns         51.5 ns     13609913 flops=2.48763G/s
170: BM_SGEMM_EXO/n:8           319 ns          319 ns      2214218 flops=3.21444G/s
170: BM_SGEMM_EXO/n:16         2280 ns         2280 ns       299195 flops=3.59313G/s
170: BM_SGEMM_EXO/n:32        18573 ns        18573 ns        37751 flops=3.52858G/s
170: BM_SGEMM_EXO/n:64       171510 ns       171495 ns         4039 flops=3.05715G/s
170: BM_SGEMM_EXO/n:128     1837279 ns      1837288 ns          381 flops=2.28288G/s
170: BM_SGEMM_EXO/n:256      309859 ns       309821 ns         2271 flops=108.303G/s
170: BM_SGEMM_EXO/n:512     2525441 ns      2525448 ns          278 flops=106.292G/s
170: BM_SGEMM_EXO/n:1024   22931132 ns     22928704 ns           31 flops=93.6592G/s
170: BM_SGEMM_EXO/n:2048  207983013 ns    207982548 ns            3 flops=82.6025G/s
170: BM_SGEMM_EXO/n:4096 1782325551 ns   1782165535 ns            1 flops=77.1191G/s
170: BM_SGEMM_EXO/n:8192 1.4981e+10 ns   1.4980e+10 ns            1 flops=73.4G/s
BLOCKS: M=256, K=256
170: BM_SGEMM_EXO/n:4          49.2 ns         49.2 ns     14268900 flops=2.60032G/s
170: BM_SGEMM_EXO/n:8           291 ns          291 ns      2415005 flops=3.51397G/s
170: BM_SGEMM_EXO/n:16         2240 ns         2240 ns       317364 flops=3.65789G/s
170: BM_SGEMM_EXO/n:32        18524 ns        18524 ns        37901 flops=3.53796G/s
170: BM_SGEMM_EXO/n:64       171797 ns       171799 ns         4084 flops=3.05176G/s
170: BM_SGEMM_EXO/n:128     1825474 ns      1825468 ns          382 flops=2.29766G/s
170: BM_SGEMM_EXO/n:256      302967 ns       302971 ns         2304 flops=110.751G/s
170: BM_SGEMM_EXO/n:512     2444128 ns      2444134 ns          280 flops=109.828G/s
170: BM_SGEMM_EXO/n:1024   22266761 ns     22266944 ns           31 flops=96.4427G/s
170: BM_SGEMM_EXO/n:2048  211730138 ns    211719850 ns            3 flops=81.1443G/s
170: BM_SGEMM_EXO/n:4096 1835451380 ns   1835403216 ns            1 flops=74.8822G/s
170: BM_SGEMM_EXO/n:8192 1.5320e+10 ns   1.5319e+10 ns            1 flops=71.7723G/s
BLOCKS: M=512, K=256
170: BM_SGEMM_EXO/n:4          48.4 ns         48.4 ns     14449634 flops=2.64225G/s
170: BM_SGEMM_EXO/n:8           303 ns          303 ns      2294701 flops=3.37808G/s
170: BM_SGEMM_EXO/n:16         2297 ns         2297 ns       305489 flops=3.56643G/s
170: BM_SGEMM_EXO/n:32        18494 ns        18494 ns        37236 flops=3.54356G/s
170: BM_SGEMM_EXO/n:64       170952 ns       170952 ns         4099 flops=3.06687G/s
170: BM_SGEMM_EXO/n:128     1816225 ns      1816234 ns          387 flops=2.30934G/s
170: BM_SGEMM_EXO/n:256    16723968 ns     16723847 ns           43 flops=2.00638G/s
170: BM_SGEMM_EXO/n:512     2428378 ns      2428336 ns          289 flops=110.543G/s
170: BM_SGEMM_EXO/n:1024   22353773 ns     22352802 ns           31 flops=96.0722G/s
170: BM_SGEMM_EXO/n:2048  223009558 ns    223011582 ns            3 flops=77.0358G/s
170: BM_SGEMM_EXO/n:4096 1906217663 ns   1906181470 ns            1 flops=72.1017G/s
170: BM_SGEMM_EXO/n:8192 1.5899e+10 ns   1.5899e+10 ns            1 flops=69.158G/s
BLOCKS: M=1024, K=256
170: BM_SGEMM_EXO/n:4          48.5 ns         48.5 ns     14475394 flops=2.63908G/s
170: BM_SGEMM_EXO/n:8           302 ns          302 ns      2310799 flops=3.38827G/s
170: BM_SGEMM_EXO/n:16         2314 ns         2314 ns       305495 flops=3.54088G/s
170: BM_SGEMM_EXO/n:32        18459 ns        18460 ns        37852 flops=3.55024G/s
170: BM_SGEMM_EXO/n:64       170766 ns       170766 ns         4078 flops=3.07021G/s
170: BM_SGEMM_EXO/n:128     1809734 ns      1809748 ns          378 flops=2.31762G/s
170: BM_SGEMM_EXO/n:256    17920253 ns     17920363 ns           39 flops=1.87242G/s
170: BM_SGEMM_EXO/n:512   197158436 ns    197160061 ns            3 flops=1.36151G/s
170: BM_SGEMM_EXO/n:1024   23334749 ns     23334562 ns           30 flops=92.0302G/s
170: BM_SGEMM_EXO/n:2048  232153873 ns    232148524 ns            3 flops=74.0038G/s
170: BM_SGEMM_EXO/n:4096 2008275429 ns   2008222906 ns            1 flops=68.4381G/s
170: BM_SGEMM_EXO/n:8192 1.7424e+10 ns   1.7423e+10 ns            1 flops=63.106G/s
BLOCKS: M=2048, K=256
170: BM_SGEMM_EXO/n:4          48.2 ns         48.2 ns     14480958 flops=2.65631G/s
170: BM_SGEMM_EXO/n:8           303 ns          303 ns      2295419 flops=3.37753G/s
170: BM_SGEMM_EXO/n:16         2298 ns         2298 ns       303482 flops=3.56553G/s
170: BM_SGEMM_EXO/n:32        18562 ns        18562 ns        37914 flops=3.53061G/s
170: BM_SGEMM_EXO/n:64       170690 ns       170691 ns         4105 flops=3.07156G/s
170: BM_SGEMM_EXO/n:128     1827135 ns      1827132 ns          384 flops=2.29557G/s
170: BM_SGEMM_EXO/n:256    18386448 ns     18386383 ns           38 flops=1.82496G/s
170: BM_SGEMM_EXO/n:512   193609355 ns    193608821 ns            3 flops=1.38648G/s
170: BM_SGEMM_EXO/n:2048  242724202 ns    242717090 ns            3 flops=70.7815G/s
170: BM_SGEMM_EXO/n:4096 2126046373 ns   2125984464 ns            1 flops=64.6472G/s
170: BM_SGEMM_EXO/n:8192 1.7542e+10 ns   1.7542e+10 ns            1 flops=62.6802G/s
BLOCKS: M=4096, K=256
170: BM_SGEMM_EXO/n:4          48.4 ns         48.4 ns     13854142 flops=2.64342G/s
170: BM_SGEMM_EXO/n:8           303 ns          303 ns      2302853 flops=3.37715G/s
170: BM_SGEMM_EXO/n:16         2321 ns         2321 ns       302775 flops=3.52987G/s
170: BM_SGEMM_EXO/n:32        18510 ns        18511 ns        37756 flops=3.54046G/s
170: BM_SGEMM_EXO/n:64       172170 ns       172172 ns         4080 flops=3.04515G/s
170: BM_SGEMM_EXO/n:128     1812546 ns      1812543 ns          385 flops=2.31404G/s
170: BM_SGEMM_EXO/n:256    17765085 ns     17764621 ns           40 flops=1.88883G/s
170: BM_SGEMM_EXO/n:512   197300919 ns    197277958 ns            3 flops=1.3607G/s
170: BM_SGEMM_EXO/n:4096 2134725249 ns   2134671203 ns            1 flops=64.3841G/s
170: BM_SGEMM_EXO/n:8192 1.8295e+10 ns   1.8294e+10 ns            1 flops=60.1018G/s
BLOCKS: M=128, K=512
170: BM_SGEMM_EXO/n:4          47.7 ns         47.7 ns     14649688 flops=2.68181G/s
170: BM_SGEMM_EXO/n:8           245 ns          245 ns      2884450 flops=4.1855G/s
170: BM_SGEMM_EXO/n:16         1920 ns         1920 ns       364141 flops=4.26596G/s
170: BM_SGEMM_EXO/n:32        18710 ns        18710 ns        37603 flops=3.50272G/s
170: BM_SGEMM_EXO/n:64       171039 ns       171039 ns         4087 flops=3.06532G/s
170: BM_SGEMM_EXO/n:128     1811045 ns      1811047 ns          387 flops=2.31595G/s
170: BM_SGEMM_EXO/n:256    16548805 ns     16548858 ns           42 flops=2.0276G/s
170: BM_SGEMM_EXO/n:512     2510124 ns      2510102 ns          275 flops=106.942G/s
170: BM_SGEMM_EXO/n:1024   21613789 ns     21612941 ns           33 flops=99.361G/s
170: BM_SGEMM_EXO/n:2048  190917973 ns    190904605 ns            4 flops=89.9919G/s
170: BM_SGEMM_EXO/n:4096 1560003208 ns   1559897549 ns            1 flops=88.1077G/s
170: BM_SGEMM_EXO/n:8192 1.3253e+10 ns   1.3253e+10 ns            1 flops=82.9643G/s
BLOCKS: M=256, K=512
170: BM_SGEMM_EXO/n:4          51.6 ns         51.6 ns     13563756 flops=2.48105G/s
170: BM_SGEMM_EXO/n:8           305 ns          305 ns      2298751 flops=3.36193G/s
170: BM_SGEMM_EXO/n:16         2311 ns         2311 ns       304139 flops=3.54537G/s
170: BM_SGEMM_EXO/n:32        18505 ns        18506 ns        37938 flops=3.5414G/s
170: BM_SGEMM_EXO/n:64       172049 ns       172050 ns         4077 flops=3.0473G/s
170: BM_SGEMM_EXO/n:128     1807036 ns      1807036 ns          386 flops=2.3211G/s
170: BM_SGEMM_EXO/n:256    17732086 ns     17732161 ns           39 flops=1.89229G/s
170: BM_SGEMM_EXO/n:512     2475083 ns      2475096 ns          278 flops=108.455G/s
170: BM_SGEMM_EXO/n:1024   21367877 ns     21367484 ns           33 flops=100.502G/s
170: BM_SGEMM_EXO/n:2048  192989359 ns    192979543 ns            4 flops=89.0243G/s
170: BM_SGEMM_EXO/n:4096 1599745013 ns   1599714945 ns            1 flops=85.9147G/s
170: BM_SGEMM_EXO/n:8192 1.3207e+10 ns   1.3207e+10 ns            1 flops=83.2526G/s
BLOCKS: M=512, K=512
170: BM_SGEMM_EXO/n:4          52.1 ns         52.1 ns     13291240 flops=2.45531G/s
170: BM_SGEMM_EXO/n:8           308 ns          308 ns      2290430 flops=3.32221G/s
170: BM_SGEMM_EXO/n:16         2302 ns         2302 ns       303882 flops=3.55799G/s
170: BM_SGEMM_EXO/n:32        18590 ns        18590 ns        37813 flops=3.52533G/s
170: BM_SGEMM_EXO/n:64       171019 ns       171018 ns         4102 flops=3.06568G/s
170: BM_SGEMM_EXO/n:128     1810594 ns      1810496 ns          388 flops=2.31666G/s
170: BM_SGEMM_EXO/n:256    17656404 ns     17656396 ns           40 flops=1.90041G/s
170: BM_SGEMM_EXO/n:512     2439326 ns      2439114 ns          286 flops=110.054G/s
170: BM_SGEMM_EXO/n:1024   21321820 ns     21320834 ns           32 flops=100.722G/s
170: BM_SGEMM_EXO/n:2048  199692112 ns    199673315 ns            4 flops=86.0399G/s
170: BM_SGEMM_EXO/n:4096 1659087015 ns   1658995934 ns            1 flops=82.8447G/s
170: BM_SGEMM_EXO/n:8192 1.3756e+10 ns   1.3756e+10 ns            1 flops=79.9319G/s
BLOCKS: M=1024, K=512
170: BM_SGEMM_EXO/n:4          51.5 ns         51.5 ns     13658434 flops=2.48719G/s
170: BM_SGEMM_EXO/n:8           307 ns          307 ns      2287357 flops=3.33833G/s
170: BM_SGEMM_EXO/n:16         2308 ns         2308 ns       299602 flops=3.54934G/s
170: BM_SGEMM_EXO/n:32        18544 ns        18544 ns        37874 flops=3.53402G/s
170: BM_SGEMM_EXO/n:64       172201 ns       172198 ns         4092 flops=3.04467G/s
170: BM_SGEMM_EXO/n:128     1811896 ns      1811899 ns          387 flops=2.31487G/s
170: BM_SGEMM_EXO/n:256    17135018 ns     17134079 ns           41 flops=1.95834G/s
170: BM_SGEMM_EXO/n:512   243702057 ns    243703177 ns            3 flops=1.10149G/s
170: BM_SGEMM_EXO/n:1024   22265305 ns     22262828 ns           32 flops=96.4605G/s
170: BM_SGEMM_EXO/n:2048  205886841 ns    205874723 ns            3 flops=83.4482G/s
170: BM_SGEMM_EXO/n:4096 1736818965 ns   1736702410 ns            1 flops=79.1379G/s
170: BM_SGEMM_EXO/n:8192 1.4081e+10 ns   1.4080e+10 ns            1 flops=78.089G/s
BLOCKS: M=2048, K=512
170: BM_SGEMM_EXO/n:4          52.3 ns         52.3 ns     13387033 flops=2.44912G/s
170: BM_SGEMM_EXO/n:8           307 ns          307 ns      2285814 flops=3.33022G/s
170: BM_SGEMM_EXO/n:16         2308 ns         2308 ns       303785 flops=3.54968G/s
170: BM_SGEMM_EXO/n:32        18568 ns        18568 ns        37856 flops=3.52959G/s
170: BM_SGEMM_EXO/n:64       170781 ns       170772 ns         4091 flops=3.0701G/s
170: BM_SGEMM_EXO/n:128     1806413 ns      1806420 ns          386 flops=2.32189G/s
170: BM_SGEMM_EXO/n:256    17100945 ns     17099915 ns           41 flops=1.96226G/s
170: BM_SGEMM_EXO/n:512   243113939 ns    243112282 ns            3 flops=1.10416G/s
170: BM_SGEMM_EXO/n:2048  216458187 ns    216450060 ns            3 flops=79.3711G/s
170: BM_SGEMM_EXO/n:4096 1798221977 ns   1798120162 ns            1 flops=76.4348G/s
170: BM_SGEMM_EXO/n:8192 1.4582e+10 ns   1.4581e+10 ns            1 flops=75.4082G/s
BLOCKS: M=4096, K=512
170: BM_SGEMM_EXO/n:4          52.1 ns         52.1 ns     13414714 flops=2.45663G/s
170: BM_SGEMM_EXO/n:8           308 ns          308 ns      2287550 flops=3.32817G/s
170: BM_SGEMM_EXO/n:16         2314 ns         2314 ns       302805 flops=3.54032G/s
170: BM_SGEMM_EXO/n:32        18496 ns        18496 ns        37829 flops=3.54322G/s
170: BM_SGEMM_EXO/n:64       170828 ns       170830 ns         4013 flops=3.06907G/s
170: BM_SGEMM_EXO/n:128     1811668 ns      1811682 ns          387 flops=2.31514G/s
170: BM_SGEMM_EXO/n:256    17732240 ns     17732277 ns           39 flops=1.89228G/s
170: BM_SGEMM_EXO/n:512   242790991 ns    242791601 ns            3 flops=1.10562G/s
170: BM_SGEMM_EXO/n:4096 1816381774 ns   1816246195 ns            1 flops=75.672G/s
170: BM_SGEMM_EXO/n:8192 1.4829e+10 ns   1.4828e+10 ns            1 flops=74.1489G/s
BLOCKS: M=128, K=1024
170: BM_SGEMM_EXO/n:4          79.6 ns         79.6 ns      8829126 flops=1.60803G/s
170: BM_SGEMM_EXO/n:8           278 ns          278 ns      2534928 flops=3.68538G/s
170: BM_SGEMM_EXO/n:16         1953 ns         1953 ns       359428 flops=4.19466G/s
170: BM_SGEMM_EXO/n:32        18630 ns        18630 ns        37379 flops=3.51777G/s
170: BM_SGEMM_EXO/n:64       170926 ns       170927 ns         4104 flops=3.06733G/s
170: BM_SGEMM_EXO/n:128     1821008 ns      1821014 ns          387 flops=2.30328G/s
170: BM_SGEMM_EXO/n:256    17108229 ns     17108288 ns           41 flops=1.9613G/s
170: BM_SGEMM_EXO/n:512   205945169 ns    205946051 ns            3 flops=1.30343G/s
170: BM_SGEMM_EXO/n:1024   21553313 ns     21553218 ns           33 flops=99.6363G/s
170: BM_SGEMM_EXO/n:2048  191414894 ns    191409707 ns            4 flops=89.7544G/s
170: BM_SGEMM_EXO/n:4096 1520941697 ns   1520886982 ns            1 flops=90.3676G/s
170: BM_SGEMM_EXO/n:8192 1.2950e+10 ns   1.2950e+10 ns            1 flops=84.9041G/s
BLOCKS: M=256, K=1024
170: BM_SGEMM_EXO/n:4          76.6 ns         76.6 ns      9182680 flops=1.67091G/s
170: BM_SGEMM_EXO/n:8           333 ns          333 ns      2101932 flops=3.07606G/s
170: BM_SGEMM_EXO/n:16         2357 ns         2357 ns       298555 flops=3.47577G/s
170: BM_SGEMM_EXO/n:32        18551 ns        18551 ns        37657 flops=3.5327G/s
170: BM_SGEMM_EXO/n:64       171487 ns       171489 ns         4091 flops=3.05728G/s
170: BM_SGEMM_EXO/n:128     1809099 ns      1809108 ns          387 flops=2.31844G/s
170: BM_SGEMM_EXO/n:256    16722402 ns     16721141 ns           43 flops=2.00671G/s
170: BM_SGEMM_EXO/n:512   243287058 ns    243286169 ns            3 flops=1.10337G/s
170: BM_SGEMM_EXO/n:1024   21562860 ns     21561006 ns           32 flops=99.6003G/s
170: BM_SGEMM_EXO/n:2048  204573596 ns    204560974 ns            3 flops=83.9841G/s
170: BM_SGEMM_EXO/n:4096 1640274412 ns   1640165478 ns            1 flops=83.7958G/s
170: BM_SGEMM_EXO/n:8192 1.9154e+10 ns   1.9153e+10 ns            1 flops=57.4079G/s
BLOCKS: M=512, K=1024
170: BM_SGEMM_EXO/n:4          80.5 ns         80.5 ns      8732223 flops=1.59091G/s
170: BM_SGEMM_EXO/n:8           337 ns          337 ns      2085752 flops=3.04215G/s
170: BM_SGEMM_EXO/n:16         2333 ns         2333 ns       295989 flops=3.51135G/s
170: BM_SGEMM_EXO/n:32        18508 ns        18508 ns        37889 flops=3.54101G/s
170: BM_SGEMM_EXO/n:64       172148 ns       172147 ns         4083 flops=3.04558G/s
170: BM_SGEMM_EXO/n:128     1809572 ns      1809571 ns          387 flops=2.31784G/s
170: BM_SGEMM_EXO/n:256    17176588 ns     17176692 ns           41 flops=1.95349G/s
170: BM_SGEMM_EXO/n:512   195123631 ns    195123751 ns            3 flops=1.37572G/s
170: BM_SGEMM_EXO/n:1024   21379727 ns     21378864 ns           33 flops=100.449G/s
170: BM_SGEMM_EXO/n:2048  195030452 ns    195025760 ns            4 flops=88.0903G/s
170: BM_SGEMM_EXO/n:4096 1583832402 ns   1583774513 ns            1 flops=86.7794G/s
170: BM_SGEMM_EXO/n:8192 1.2514e+10 ns   1.2514e+10 ns            1 flops=87.864G/s
BLOCKS: M=1024, K=1024
170: BM_SGEMM_EXO/n:4          77.6 ns         77.6 ns      9008615 flops=1.64922G/s
170: BM_SGEMM_EXO/n:8           332 ns          332 ns      2106395 flops=3.08198G/s
170: BM_SGEMM_EXO/n:16         2329 ns         2329 ns       295800 flops=3.51728G/s
170: BM_SGEMM_EXO/n:32        18502 ns        18502 ns        37645 flops=3.54211G/s
170: BM_SGEMM_EXO/n:64       172425 ns       172424 ns         4090 flops=3.04069G/s
170: BM_SGEMM_EXO/n:128     1812570 ns      1812563 ns          387 flops=2.31402G/s
170: BM_SGEMM_EXO/n:256    16652745 ns     16652607 ns           43 flops=2.01497G/s
170: BM_SGEMM_EXO/n:512   194775634 ns    194774454 ns            3 flops=1.37819G/s
170: BM_SGEMM_EXO/n:1024   21441134 ns     21440177 ns           33 flops=100.162G/s
170: BM_SGEMM_EXO/n:2048  201383803 ns    201369037 ns            4 flops=85.3153G/s
170: BM_SGEMM_EXO/n:4096 1593467031 ns   1593382890 ns            1 flops=86.2561G/s
170: BM_SGEMM_EXO/n:8192 1.4050e+10 ns   1.4049e+10 ns            1 flops=78.2615G/s
BLOCKS: M=2048, K=1024
170: BM_SGEMM_EXO/n:4          76.0 ns         76.0 ns      8770854 flops=1.68378G/s
170: BM_SGEMM_EXO/n:8           332 ns          332 ns      2110871 flops=3.08712G/s
170: BM_SGEMM_EXO/n:16         2338 ns         2338 ns       300600 flops=3.50321G/s
170: BM_SGEMM_EXO/n:32        18505 ns        18505 ns        37871 flops=3.54157G/s
170: BM_SGEMM_EXO/n:64       171288 ns       171289 ns         4100 flops=3.06084G/s
170: BM_SGEMM_EXO/n:128     1812792 ns      1812792 ns          377 flops=2.31373G/s
170: BM_SGEMM_EXO/n:256    17604867 ns     17605148 ns           40 flops=1.90594G/s
170: BM_SGEMM_EXO/n:512   202412299 ns    202412599 ns            3 flops=1.32618G/s
170: BM_SGEMM_EXO/n:2048  209146222 ns    209146490 ns            3 flops=82.1428G/s
170: BM_SGEMM_EXO/n:4096 1649119038 ns   1649071339 ns            1 flops=83.3432G/s
170: BM_SGEMM_EXO/n:8192 1.3127e+10 ns   1.3126e+10 ns            1 flops=83.7627G/s
BLOCKS: M=4096, K=1024
