BLOCKS: M=32, K=32
170: BM_SGEMM_EXO/n:2          13.4 ns         13.4 ns     51163077 flops=1.1916G/s
170: BM_SGEMM_EXO/n:4          48.4 ns         48.4 ns     14528182 flops=2.64302G/s
170: BM_SGEMM_EXO/n:8           311 ns          311 ns      2241477 flops=3.29217G/s
170: BM_SGEMM_EXO/n:16         2319 ns         2319 ns       293111 flops=3.53237G/s
170: BM_SGEMM_EXO/n:32        18604 ns        18603 ns        36949 flops=3.52282G/s
170: BM_SGEMM_EXO/n:64         5618 ns         5618 ns       124050 flops=93.3149G/s
170: BM_SGEMM_EXO/n:128       45451 ns        45451 ns        15420 flops=92.2823G/s
170: BM_SGEMM_EXO/n:256      406884 ns       406876 ns         1732 flops=82.4685G/s
170: BM_SGEMM_EXO/n:512     3439485 ns      3439498 ns          201 flops=78.045G/s
170: BM_SGEMM_EXO/n:1024   33969950 ns     33969799 ns           21 flops=63.2174G/s
170: BM_SGEMM_EXO/n:2048  413377979 ns    413361022 ns            2 flops=41.5614G/s
170: BM_SGEMM_EXO/n:4096 4647605173 ns   4647526152 ns            1 flops=29.5725G/s
170: BM_SGEMM_EXO/n:8192 4.1806e+10 ns   4.1805e+10 ns            1 flops=26.3008G/s
BLOCKS: M=64, K=32
170: BM_SGEMM_EXO/n:2          14.1 ns         14.1 ns     48974147 flops=1.13361G/s
170: BM_SGEMM_EXO/n:4          40.7 ns         40.7 ns     17353812 flops=3.14764G/s
170: BM_SGEMM_EXO/n:8           239 ns          239 ns      2955273 flops=4.27627G/s
170: BM_SGEMM_EXO/n:16         1916 ns         1916 ns       364620 flops=4.27607G/s
170: BM_SGEMM_EXO/n:32        18749 ns        18750 ns        36967 flops=3.49533G/s
170: BM_SGEMM_EXO/n:64         4933 ns         4933 ns       139408 flops=106.273G/s
170: BM_SGEMM_EXO/n:128       42002 ns        42001 ns        16663 flops=99.8613G/s
170: BM_SGEMM_EXO/n:256      382532 ns       382533 ns         1810 flops=87.7165G/s
170: BM_SGEMM_EXO/n:512     3348677 ns      3348688 ns          207 flops=80.1614G/s
170: BM_SGEMM_EXO/n:1024   33834115 ns     33834243 ns           21 flops=63.4707G/s
170: BM_SGEMM_EXO/n:2048  527719322 ns    527698217 ns            1 flops=32.5562G/s
170: BM_SGEMM_EXO/n:4096 4628956101 ns   4628878368 ns            1 flops=29.6916G/s
170: BM_SGEMM_EXO/n:8192 4.3709e+10 ns   4.3708e+10 ns            1 flops=25.1556G/s
BLOCKS: M=128, K=32
170: BM_SGEMM_EXO/n:2          14.1 ns         14.1 ns     49482719 flops=1.13367G/s
170: BM_SGEMM_EXO/n:4          41.1 ns         41.1 ns     16885562 flops=3.11503G/s
170: BM_SGEMM_EXO/n:8           241 ns          241 ns      2901825 flops=4.24353G/s
170: BM_SGEMM_EXO/n:16         1966 ns         1966 ns       357360 flops=4.1675G/s
170: BM_SGEMM_EXO/n:32        19001 ns        19001 ns        36759 flops=3.44901G/s
170: BM_SGEMM_EXO/n:64       277841 ns       277841 ns         2480 flops=1.88701G/s
170: BM_SGEMM_EXO/n:128       42262 ns        42263 ns        16573 flops=99.244G/s
170: BM_SGEMM_EXO/n:256      393106 ns       393108 ns         1752 flops=85.3569G/s
170: BM_SGEMM_EXO/n:512     3501696 ns      3501642 ns          201 flops=76.6599G/s
170: BM_SGEMM_EXO/n:1024   34291646 ns     34291599 ns           19 flops=62.6242G/s
170: BM_SGEMM_EXO/n:2048  589434484 ns    589437622 ns            1 flops=29.1462G/s
170: BM_SGEMM_EXO/n:4096 5456232949 ns   5456279652 ns            1 flops=25.1891G/s
170: BM_SGEMM_EXO/n:8192 4.7271e+10 ns   4.7271e+10 ns            1 flops=23.2598G/s
BLOCKS: M=256, K=32
170: BM_SGEMM_EXO/n:2          13.2 ns         13.2 ns     53274813 flops=1.21592G/s
170: BM_SGEMM_EXO/n:4          47.8 ns         47.8 ns     14509699 flops=2.67997G/s
170: BM_SGEMM_EXO/n:8           304 ns          304 ns      2298375 flops=3.37308G/s
170: BM_SGEMM_EXO/n:16         2308 ns         2308 ns       298266 flops=3.5496G/s
170: BM_SGEMM_EXO/n:32        18559 ns        18559 ns        37682 flops=3.53132G/s
170: BM_SGEMM_EXO/n:64       147103 ns       147103 ns         4793 flops=3.56409G/s
170: BM_SGEMM_EXO/n:128     1167733 ns      1167731 ns          600 flops=3.59184G/s
170: BM_SGEMM_EXO/n:256      411818 ns       411807 ns         1715 flops=81.481G/s
170: BM_SGEMM_EXO/n:512     3549463 ns      3549350 ns          197 flops=75.6295G/s
170: BM_SGEMM_EXO/n:1024   34488427 ns     34486784 ns           20 flops=62.2698G/s
170: BM_SGEMM_EXO/n:2048  429395672 ns    429382003 ns            2 flops=40.0107G/s
170: BM_SGEMM_EXO/n:4096 5275776047 ns   5275661967 ns            1 flops=26.0515G/s
170: BM_SGEMM_EXO/n:8192 4.8803e+10 ns   4.8802e+10 ns            1 flops=22.5298G/s
BLOCKS: M=512, K=32
170: BM_SGEMM_EXO/n:2          13.7 ns         13.7 ns     51022765 flops=1.16827G/s
170: BM_SGEMM_EXO/n:4          52.2 ns         52.2 ns     13207143 flops=2.45314G/s
170: BM_SGEMM_EXO/n:8           333 ns          333 ns      2103715 flops=3.07721G/s
170: BM_SGEMM_EXO/n:16         2456 ns         2456 ns       286703 flops=3.33612G/s
170: BM_SGEMM_EXO/n:32        20947 ns        20947 ns        33466 flops=3.12862G/s
170: BM_SGEMM_EXO/n:64       190396 ns       190395 ns         3707 flops=2.75368G/s
170: BM_SGEMM_EXO/n:128     1532087 ns      1532074 ns          463 flops=2.73766G/s
170: BM_SGEMM_EXO/n:256    12238800 ns     12238635 ns           57 flops=2.74168G/s
170: BM_SGEMM_EXO/n:512     3692541 ns      3692481 ns          188 flops=72.6979G/s
170: BM_SGEMM_EXO/n:1024   37491844 ns     37491985 ns           19 flops=57.2785G/s
170: BM_SGEMM_EXO/n:2048  531763007 ns    531757921 ns            1 flops=32.3077G/s
170: BM_SGEMM_EXO/n:4096 5756869664 ns   5756769340 ns            1 flops=23.8743G/s
170: BM_SGEMM_EXO/n:8192 5.6984e+10 ns   5.6983e+10 ns            1 flops=19.2953G/s
BLOCKS: M=1024, K=32
170: BM_SGEMM_EXO/n:2          13.2 ns         13.2 ns     53138286 flops=1.21491G/s
170: BM_SGEMM_EXO/n:4          40.2 ns         40.2 ns     17397977 flops=3.18548G/s
170: BM_SGEMM_EXO/n:8           241 ns          241 ns      2952612 flops=4.24056G/s
170: BM_SGEMM_EXO/n:16         1896 ns         1896 ns       370254 flops=4.32043G/s
170: BM_SGEMM_EXO/n:32        33781 ns        33781 ns        20469 flops=1.94004G/s
170: BM_SGEMM_EXO/n:64       149890 ns       149891 ns         4544 flops=3.4978G/s
170: BM_SGEMM_EXO/n:128     1215216 ns      1215210 ns          587 flops=3.45151G/s
170: BM_SGEMM_EXO/n:256     9926193 ns      9926256 ns           71 flops=3.38037G/s
170: BM_SGEMM_EXO/n:512    86842124 ns     86843145 ns            8 flops=3.09104G/s
170: BM_SGEMM_EXO/n:1024   42323171 ns     42322656 ns           17 flops=50.7408G/s
170: BM_SGEMM_EXO/n:2048  581574281 ns    581571592 ns            1 flops=29.5404G/s
170: BM_SGEMM_EXO/n:4096 6495769083 ns   6495721816 ns            1 flops=21.1584G/s
170: BM_SGEMM_EXO/n:8192 5.8729e+10 ns   5.8729e+10 ns            1 flops=18.7218G/s
BLOCKS: M=2048, K=32
170: BM_SGEMM_EXO/n:2          13.2 ns         13.2 ns     53398651 flops=1.21243G/s
170: BM_SGEMM_EXO/n:4          43.4 ns         43.4 ns     17379592 flops=2.94606G/s
170: BM_SGEMM_EXO/n:8           236 ns          236 ns      2954613 flops=4.33379G/s
170: BM_SGEMM_EXO/n:16         1885 ns         1885 ns       370900 flops=4.34566G/s
170: BM_SGEMM_EXO/n:32        33850 ns        33850 ns        20601 flops=1.93607G/s
170: BM_SGEMM_EXO/n:64       148618 ns       148619 ns         4701 flops=3.52773G/s
170: BM_SGEMM_EXO/n:128     1205912 ns      1205924 ns          585 flops=3.47808G/s
170: BM_SGEMM_EXO/n:256     9876989 ns      9876906 ns           71 flops=3.39726G/s
170: BM_SGEMM_EXO/n:512    87467800 ns     87468195 ns            8 flops=3.06895G/s
170: BM_SGEMM_EXO/n:1024 1943705291 ns   1943684666 ns            1 flops=1.10485G/s
170: BM_SGEMM_EXO/n:2048  573772629 ns    573737808 ns            1 flops=29.9438G/s
170: BM_SGEMM_EXO/n:4096 6822153010 ns   6821948144 ns            1 flops=20.1466G/s
170: BM_SGEMM_EXO/n:8192 6.1401e+10 ns   6.1400e+10 ns            1 flops=17.9075G/s
BLOCKS: M=4096, K=32
170: BM_SGEMM_EXO/n:2          13.1 ns         13.1 ns     53316471 flops=1.21735G/s
170: BM_SGEMM_EXO/n:4          40.3 ns         40.3 ns     17072980 flops=3.17585G/s
170: BM_SGEMM_EXO/n:8           237 ns          237 ns      2937939 flops=4.32711G/s
170: BM_SGEMM_EXO/n:16         1906 ns         1906 ns       361747 flops=4.29702G/s
170: BM_SGEMM_EXO/n:32        33788 ns        33788 ns        20750 flops=1.93962G/s
170: BM_SGEMM_EXO/n:64       150759 ns       150758 ns         4689 flops=3.47767G/s
170: BM_SGEMM_EXO/n:128     1207572 ns      1207584 ns          587 flops=3.4733G/s
170: BM_SGEMM_EXO/n:256    10164502 ns     10164392 ns           68 flops=3.30117G/s
170: BM_SGEMM_EXO/n:512    88423444 ns     88424404 ns            8 flops=3.03576G/s
170: BM_SGEMM_EXO/n:4096 7757645132 ns   7757658278 ns            1 flops=17.7166G/s
170: BM_SGEMM_EXO/n:8192 6.3723e+10 ns   6.3722e+10 ns            1 flops=17.2548G/s
BLOCKS: M=32, K=64
170: BM_SGEMM_EXO/n:2          14.5 ns         14.5 ns     48365448 flops=1.1056G/s
170: BM_SGEMM_EXO/n:4          54.4 ns         54.5 ns     12907263 flops=2.35075G/s
170: BM_SGEMM_EXO/n:8           359 ns          359 ns      1955652 flops=2.85345G/s
170: BM_SGEMM_EXO/n:16         2587 ns         2587 ns       273729 flops=3.16667G/s
170: BM_SGEMM_EXO/n:32        19010 ns        19010 ns        37056 flops=3.44739G/s
170: BM_SGEMM_EXO/n:64         4982 ns         4983 ns       141045 flops=105.226G/s
170: BM_SGEMM_EXO/n:128       41927 ns        41928 ns        16775 flops=100.037G/s
170: BM_SGEMM_EXO/n:256      364928 ns       364928 ns         1911 flops=91.9482G/s
170: BM_SGEMM_EXO/n:512     2965616 ns      2965636 ns          229 flops=90.5153G/s
170: BM_SGEMM_EXO/n:1024   28557716 ns     28556175 ns           24 flops=75.2021G/s
170: BM_SGEMM_EXO/n:2048  311405759 ns    311398562 ns            2 flops=55.17G/s
170: BM_SGEMM_EXO/n:4096 3132257104 ns   3132232914 ns            1 flops=43.8789G/s
170: BM_SGEMM_EXO/n:8192 2.7642e+10 ns   2.7642e+10 ns            1 flops=39.7769G/s
BLOCKS: M=64, K=64
170: BM_SGEMM_EXO/n:2          13.9 ns         13.9 ns     50946363 flops=1.15453G/s
170: BM_SGEMM_EXO/n:4          43.0 ns         43.0 ns     16184570 flops=2.97993G/s
170: BM_SGEMM_EXO/n:8           240 ns          240 ns      2930846 flops=4.27212G/s
170: BM_SGEMM_EXO/n:16         1916 ns         1916 ns       366572 flops=4.27453G/s
170: BM_SGEMM_EXO/n:32        18733 ns        18733 ns        37738 flops=3.49838G/s
170: BM_SGEMM_EXO/n:64         4743 ns         4743 ns       146701 flops=110.55G/s
170: BM_SGEMM_EXO/n:128       40723 ns        40724 ns        17217 flops=102.994G/s
170: BM_SGEMM_EXO/n:256      353757 ns       353758 ns         1962 flops=94.8515G/s
170: BM_SGEMM_EXO/n:512     2962451 ns      2962490 ns          234 flops=90.6114G/s
170: BM_SGEMM_EXO/n:1024   28335184 ns     28334952 ns           24 flops=75.7892G/s
170: BM_SGEMM_EXO/n:2048  316499033 ns    316496116 ns            2 flops=54.2815G/s
170: BM_SGEMM_EXO/n:4096 3210326081 ns   3210290586 ns            1 flops=42.812G/s
170: BM_SGEMM_EXO/n:8192 2.8751e+10 ns   2.8751e+10 ns            1 flops=38.2425G/s
BLOCKS: M=128, K=64
170: BM_SGEMM_EXO/n:2          14.0 ns         14.0 ns     48535366 flops=1.14175G/s
170: BM_SGEMM_EXO/n:4          50.4 ns         50.4 ns     13815295 flops=2.53889G/s
170: BM_SGEMM_EXO/n:8           244 ns          244 ns      2845081 flops=4.2037G/s
170: BM_SGEMM_EXO/n:16         1954 ns         1954 ns       358431 flops=4.19161G/s
170: BM_SGEMM_EXO/n:32        19122 ns        19123 ns        36880 flops=3.42715G/s
170: BM_SGEMM_EXO/n:64       293549 ns       293551 ns         2384 flops=1.78602G/s
170: BM_SGEMM_EXO/n:128       39697 ns        39698 ns        17605 flops=105.656G/s
170: BM_SGEMM_EXO/n:256      363177 ns       363176 ns         1933 flops=92.3916G/s
170: BM_SGEMM_EXO/n:512     3130113 ns      3130128 ns          218 flops=85.7586G/s
170: BM_SGEMM_EXO/n:1024   30138089 ns     30138052 ns           23 flops=71.2549G/s
170: BM_SGEMM_EXO/n:2048  329134072 ns    329132601 ns            2 flops=52.1974G/s
170: BM_SGEMM_EXO/n:4096 3304168235 ns   3304185195 ns            1 flops=41.5954G/s
170: BM_SGEMM_EXO/n:8192 3.0096e+10 ns   3.0094e+10 ns            1 flops=36.5355G/s
BLOCKS: M=256, K=64
170: BM_SGEMM_EXO/n:2          13.8 ns         13.8 ns     49444247 flops=1.15554G/s
170: BM_SGEMM_EXO/n:4          48.1 ns         48.1 ns     14540531 flops=2.66275G/s
170: BM_SGEMM_EXO/n:8           309 ns          309 ns      2238998 flops=3.31656G/s
170: BM_SGEMM_EXO/n:16         2347 ns         2347 ns       298365 flops=3.48987G/s
170: BM_SGEMM_EXO/n:32        18957 ns        18957 ns        36901 flops=3.45704G/s
170: BM_SGEMM_EXO/n:64       177540 ns       177538 ns         3957 flops=2.95311G/s
170: BM_SGEMM_EXO/n:128     1457519 ns      1457488 ns          485 flops=2.87776G/s
170: BM_SGEMM_EXO/n:256      360069 ns       360063 ns         1950 flops=93.1906G/s
170: BM_SGEMM_EXO/n:512     2996234 ns      2996192 ns          235 flops=89.5922G/s
170: BM_SGEMM_EXO/n:1024   27915125 ns     27914561 ns           25 flops=76.9306G/s
170: BM_SGEMM_EXO/n:2048  365279249 ns    365270181 ns            2 flops=47.0333G/s
170: BM_SGEMM_EXO/n:4096 3588477724 ns   3588416803 ns            1 flops=38.3007G/s
170: BM_SGEMM_EXO/n:8192 3.1344e+10 ns   3.1343e+10 ns            1 flops=35.0797G/s
BLOCKS: M=512, K=64
170: BM_SGEMM_EXO/n:2          13.4 ns         13.4 ns     51770871 flops=1.18981G/s
170: BM_SGEMM_EXO/n:4          47.0 ns         47.0 ns     14935135 flops=2.72522G/s
170: BM_SGEMM_EXO/n:8           302 ns          302 ns      2324183 flops=3.38955G/s
170: BM_SGEMM_EXO/n:16         2324 ns         2324 ns       303964 flops=3.52525G/s
170: BM_SGEMM_EXO/n:32        18589 ns        18590 ns        37822 flops=3.52542G/s
170: BM_SGEMM_EXO/n:64       176531 ns       176530 ns         4048 flops=2.96997G/s
170: BM_SGEMM_EXO/n:128     1424313 ns      1424323 ns          490 flops=2.94477G/s
170: BM_SGEMM_EXO/n:256    12322733 ns     12322799 ns           57 flops=2.72296G/s
170: BM_SGEMM_EXO/n:512     2911731 ns      2911756 ns          241 flops=92.1902G/s
170: BM_SGEMM_EXO/n:1024   27561353 ns     27560918 ns           25 flops=77.9177G/s
170: BM_SGEMM_EXO/n:2048  345810522 ns    345808867 ns            2 flops=49.6802G/s
170: BM_SGEMM_EXO/n:4096 3577251293 ns   3577201560 ns            1 flops=38.4208G/s
170: BM_SGEMM_EXO/n:8192 3.2977e+10 ns   3.2976e+10 ns            1 flops=33.3423G/s
BLOCKS: M=1024, K=64
170: BM_SGEMM_EXO/n:2          13.7 ns         13.7 ns     51240414 flops=1.1691G/s
170: BM_SGEMM_EXO/n:4          47.6 ns         47.6 ns     14639079 flops=2.68898G/s
170: BM_SGEMM_EXO/n:8           309 ns          309 ns      2273319 flops=3.31425G/s
170: BM_SGEMM_EXO/n:16         2368 ns         2368 ns       298554 flops=3.45987G/s
170: BM_SGEMM_EXO/n:32        18899 ns        18899 ns        36992 flops=3.46763G/s
170: BM_SGEMM_EXO/n:64       177560 ns       177560 ns         3885 flops=2.95274G/s
170: BM_SGEMM_EXO/n:128     1447392 ns      1447416 ns          478 flops=2.89779G/s
170: BM_SGEMM_EXO/n:256    12907638 ns     12907730 ns           57 flops=2.59956G/s
170: BM_SGEMM_EXO/n:512   104967972 ns    104969100 ns            7 flops=2.55728G/s
170: BM_SGEMM_EXO/n:1024   34073400 ns     34072712 ns           20 flops=63.0265G/s
170: BM_SGEMM_EXO/n:2048  463876194 ns    463870707 ns            2 flops=37.0359G/s
170: BM_SGEMM_EXO/n:4096 4645996865 ns   4646017457 ns            1 flops=29.5821G/s
170: BM_SGEMM_EXO/n:8192 4.0734e+10 ns   4.0734e+10 ns            1 flops=26.9925G/s
BLOCKS: M=2048, K=64
170: BM_SGEMM_EXO/n:2          13.4 ns         13.4 ns     52522873 flops=1.19118G/s
170: BM_SGEMM_EXO/n:4          46.9 ns         46.9 ns     15055014 flops=2.73187G/s
170: BM_SGEMM_EXO/n:8           304 ns          304 ns      2311158 flops=3.36829G/s
170: BM_SGEMM_EXO/n:16         2315 ns         2315 ns       304607 flops=3.53841G/s
170: BM_SGEMM_EXO/n:32        18654 ns        18654 ns        37898 flops=3.51322G/s
170: BM_SGEMM_EXO/n:64       174513 ns       174495 ns         4016 flops=3.00459G/s
170: BM_SGEMM_EXO/n:128     1418888 ns      1418894 ns          492 flops=2.95604G/s
170: BM_SGEMM_EXO/n:256    12136469 ns     12136464 ns           57 flops=2.76476G/s
170: BM_SGEMM_EXO/n:512   101541168 ns    101540805 ns            7 flops=2.64362G/s
170: BM_SGEMM_EXO/n:2048  415137145 ns    415066201 ns            2 flops=41.3907G/s
170: BM_SGEMM_EXO/n:4096 4418643525 ns   4418445572 ns            1 flops=31.1057G/s
170: BM_SGEMM_EXO/n:8192 3.9292e+10 ns   3.9292e+10 ns            1 flops=27.9834G/s
BLOCKS: M=4096, K=64
170: BM_SGEMM_EXO/n:2          13.4 ns         13.4 ns     50063372 flops=1.19185G/s
170: BM_SGEMM_EXO/n:4          46.6 ns         46.6 ns     15057860 flops=2.74858G/s
170: BM_SGEMM_EXO/n:8           302 ns          302 ns      2286675 flops=3.39418G/s
170: BM_SGEMM_EXO/n:16         2300 ns         2300 ns       304367 flops=3.56176G/s
170: BM_SGEMM_EXO/n:32        18595 ns        18595 ns        36895 flops=3.52446G/s
170: BM_SGEMM_EXO/n:64       172932 ns       172933 ns         4039 flops=3.03174G/s
170: BM_SGEMM_EXO/n:128     1427263 ns      1427234 ns          496 flops=2.93876G/s
170: BM_SGEMM_EXO/n:256    12098911 ns     12098902 ns           58 flops=2.77335G/s
170: BM_SGEMM_EXO/n:512   104337327 ns    104334270 ns            7 flops=2.57284G/s
170: BM_SGEMM_EXO/n:4096 4273772874 ns   4273719206 ns            1 flops=32.1591G/s
170: BM_SGEMM_EXO/n:8192 3.8704e+10 ns   3.8704e+10 ns            1 flops=28.4082G/s
BLOCKS: M=32, K=128
170: BM_SGEMM_EXO/n:4          55.4 ns         55.4 ns     12556623 flops=2.30859G/s
170: BM_SGEMM_EXO/n:8           365 ns          365 ns      1939648 flops=2.80899G/s
170: BM_SGEMM_EXO/n:16         2539 ns         2539 ns       275792 flops=3.22636G/s
170: BM_SGEMM_EXO/n:32        18757 ns        18757 ns        37660 flops=3.49393G/s
170: BM_SGEMM_EXO/n:64       175441 ns       175440 ns         3981 flops=2.98842G/s
170: BM_SGEMM_EXO/n:128       41278 ns        41278 ns        17082 flops=101.611G/s
170: BM_SGEMM_EXO/n:256      344127 ns       344123 ns         2032 flops=97.5072G/s
170: BM_SGEMM_EXO/n:512     2839123 ns      2839094 ns          249 flops=94.5497G/s
170: BM_SGEMM_EXO/n:1024   26879942 ns     26879528 ns           26 flops=79.8929G/s
170: BM_SGEMM_EXO/n:2048  279844448 ns    279845655 ns            3 flops=61.3905G/s
170: BM_SGEMM_EXO/n:4096 2372180075 ns   2372159069 ns            1 flops=57.9383G/s
170: BM_SGEMM_EXO/n:8192 2.0874e+10 ns   2.0874e+10 ns            1 flops=52.6733G/s
BLOCKS: M=64, K=128
170: BM_SGEMM_EXO/n:4          45.7 ns         45.7 ns     15335349 flops=2.79879G/s
170: BM_SGEMM_EXO/n:8           243 ns          243 ns      2841712 flops=4.2141G/s
170: BM_SGEMM_EXO/n:16         1928 ns         1928 ns       363201 flops=4.24909G/s
170: BM_SGEMM_EXO/n:32        19219 ns        19219 ns        36624 flops=3.40997G/s
170: BM_SGEMM_EXO/n:64       177006 ns       177006 ns         3969 flops=2.96198G/s
170: BM_SGEMM_EXO/n:128       40424 ns        40424 ns        16736 flops=103.758G/s
170: BM_SGEMM_EXO/n:256      338915 ns       338914 ns         2065 flops=99.0057G/s
170: BM_SGEMM_EXO/n:512     2817862 ns      2817887 ns          251 flops=95.2613G/s
170: BM_SGEMM_EXO/n:1024   25670544 ns     25670018 ns           27 flops=83.6573G/s
170: BM_SGEMM_EXO/n:2048  253254693 ns    253256414 ns            3 flops=67.8359G/s
170: BM_SGEMM_EXO/n:4096 2358561859 ns   2358500951 ns            1 flops=58.2739G/s
170: BM_SGEMM_EXO/n:8192 2.0221e+10 ns   2.0221e+10 ns            1 flops=54.3752G/s
BLOCKS: M=128, K=128
170: BM_SGEMM_EXO/n:4          54.6 ns         54.6 ns     12893640 flops=2.34452G/s
170: BM_SGEMM_EXO/n:8           357 ns          357 ns      1933231 flops=2.868G/s
170: BM_SGEMM_EXO/n:16         2543 ns         2543 ns       274787 flops=3.22198G/s
170: BM_SGEMM_EXO/n:32        18764 ns        18764 ns        36966 flops=3.49258G/s
170: BM_SGEMM_EXO/n:64       173318 ns       173320 ns         4041 flops=3.02498G/s
170: BM_SGEMM_EXO/n:128       36949 ns        36949 ns        19031 flops=113.516G/s
170: BM_SGEMM_EXO/n:256      318718 ns       318718 ns         2207 flops=105.279G/s
170: BM_SGEMM_EXO/n:512     2625288 ns      2625270 ns          269 flops=102.251G/s
170: BM_SGEMM_EXO/n:1024   24350513 ns     24350073 ns           29 flops=88.1921G/s
170: BM_SGEMM_EXO/n:2048  243016739 ns    242999118 ns            3 flops=70.6993G/s
170: BM_SGEMM_EXO/n:4096 2331336360 ns   2331270129 ns            1 flops=58.9545G/s
170: BM_SGEMM_EXO/n:8192 2.0256e+10 ns   2.0256e+10 ns            1 flops=54.2816G/s
BLOCKS: M=256, K=128
170: BM_SGEMM_EXO/n:2          13.7 ns         13.7 ns     50829848 flops=1.16704G/s
170: BM_SGEMM_EXO/n:4          45.8 ns         45.8 ns     15246128 flops=2.79421G/s
170: BM_SGEMM_EXO/n:8           289 ns          289 ns      2417452 flops=3.53776G/s
170: BM_SGEMM_EXO/n:16         2241 ns         2241 ns       308624 flops=3.65584G/s
170: BM_SGEMM_EXO/n:32        21235 ns        21235 ns        32644 flops=3.08625G/s
170: BM_SGEMM_EXO/n:64       172364 ns       172363 ns         4067 flops=3.04176G/s
170: BM_SGEMM_EXO/n:128     2214326 ns      2214341 ns          317 flops=1.89415G/s
170: BM_SGEMM_EXO/n:256      319760 ns       319759 ns         2207 flops=104.937G/s
170: BM_SGEMM_EXO/n:512     2575319 ns      2575335 ns          274 flops=104.233G/s
170: BM_SGEMM_EXO/n:1024   24101092 ns     24101086 ns           30 flops=89.1032G/s
170: BM_SGEMM_EXO/n:2048  254614591 ns    254607050 ns            3 flops=67.476G/s
170: BM_SGEMM_EXO/n:4096 2426359003 ns   2426291890 ns            1 flops=56.6457G/s
170: BM_SGEMM_EXO/n:8192 2.1208e+10 ns   2.1207e+10 ns            1 flops=51.8454G/s
BLOCKS: M=512, K=128
170: BM_SGEMM_EXO/n:4          45.4 ns         45.4 ns     15289347 flops=2.81812G/s
170: BM_SGEMM_EXO/n:8           293 ns          293 ns      2399184 flops=3.4946G/s
170: BM_SGEMM_EXO/n:16         2177 ns         2177 ns       320967 flops=3.76238G/s
170: BM_SGEMM_EXO/n:32        18612 ns        18612 ns        37814 flops=3.52116G/s
170: BM_SGEMM_EXO/n:64       172297 ns       172298 ns         4064 flops=3.04292G/s
170: BM_SGEMM_EXO/n:128     2209908 ns      2209918 ns          316 flops=1.89795G/s
170: BM_SGEMM_EXO/n:256    17788107 ns     17788006 ns           40 flops=1.88635G/s
170: BM_SGEMM_EXO/n:512     2604717 ns      2604611 ns          265 flops=103.062G/s
170: BM_SGEMM_EXO/n:1024   24689712 ns     24689584 ns           29 flops=86.9793G/s
170: BM_SGEMM_EXO/n:2048  268379985 ns    268364422 ns            3 flops=64.0169G/s
170: BM_SGEMM_EXO/n:4096 2555425591 ns   2555308334 ns            1 flops=53.7857G/s
170: BM_SGEMM_EXO/n:8192 2.2698e+10 ns   2.2697e+10 ns            1 flops=48.4423G/s
BLOCKS: M=1024, K=128
170: BM_SGEMM_EXO/n:2          14.3 ns         14.3 ns     48982874 flops=1.12001G/s
170: BM_SGEMM_EXO/n:4          49.3 ns         49.3 ns     14336971 flops=2.59812G/s
170: BM_SGEMM_EXO/n:8           310 ns          310 ns      2256076 flops=3.30375G/s
170: BM_SGEMM_EXO/n:16         2368 ns         2368 ns       297944 flops=3.45988G/s
170: BM_SGEMM_EXO/n:32        20328 ns        20328 ns        34402 flops=3.22396G/s
170: BM_SGEMM_EXO/n:64       184206 ns       184199 ns         3821 flops=2.84632G/s
170: BM_SGEMM_EXO/n:128     1852563 ns      1852565 ns          378 flops=2.26405G/s
170: BM_SGEMM_EXO/n:256    14835444 ns     14835522 ns           47 flops=2.26176G/s
170: BM_SGEMM_EXO/n:512   133873908 ns    133875324 ns            4 flops=2.00512G/s
170: BM_SGEMM_EXO/n:1024   26746735 ns     26745814 ns           26 flops=80.2923G/s
170: BM_SGEMM_EXO/n:2048  307503629 ns    307503824 ns            2 flops=55.8688G/s
170: BM_SGEMM_EXO/n:4096 2959568590 ns   2959518746 ns            1 flops=46.4396G/s
170: BM_SGEMM_EXO/n:8192 2.6429e+10 ns   2.6428e+10 ns            1 flops=41.6037G/s
BLOCKS: M=2048, K=128
170: BM_SGEMM_EXO/n:2          14.1 ns         14.1 ns     49989832 flops=1.13444G/s
170: BM_SGEMM_EXO/n:4          47.9 ns         47.9 ns     14615186 flops=2.67394G/s
170: BM_SGEMM_EXO/n:8           304 ns          304 ns      2273404 flops=3.36423G/s
170: BM_SGEMM_EXO/n:16         2303 ns         2303 ns       304245 flops=3.55769G/s
170: BM_SGEMM_EXO/n:32        20162 ns        20162 ns        35180 flops=3.25049G/s
170: BM_SGEMM_EXO/n:64       178908 ns       178909 ns         3918 flops=2.93048G/s
170: BM_SGEMM_EXO/n:128     1830090 ns      1830087 ns          386 flops=2.29186G/s
170: BM_SGEMM_EXO/n:256    15199539 ns     15199624 ns           47 flops=2.20758G/s
170: BM_SGEMM_EXO/n:512   127747049 ns    127749049 ns            4 flops=2.10127G/s
170: BM_SGEMM_EXO/n:2048  299594844 ns    299582756 ns            2 flops=57.346G/s
170: BM_SGEMM_EXO/n:4096 2963413555 ns   2963320629 ns            1 flops=46.38G/s
170: BM_SGEMM_EXO/n:8192 2.5858e+10 ns   2.5858e+10 ns            1 flops=42.5207G/s
BLOCKS: M=4096, K=128
170: BM_SGEMM_EXO/n:2          14.0 ns         14.0 ns     49816434 flops=1.13914G/s
170: BM_SGEMM_EXO/n:4          47.8 ns         47.8 ns     14503969 flops=2.67809G/s
170: BM_SGEMM_EXO/n:8           307 ns          307 ns      2298451 flops=3.33739G/s
170: BM_SGEMM_EXO/n:16         2305 ns         2305 ns       303152 flops=3.55443G/s
170: BM_SGEMM_EXO/n:32        20012 ns        20012 ns        34385 flops=3.27478G/s
170: BM_SGEMM_EXO/n:64       179132 ns       179132 ns         3854 flops=2.92682G/s
170: BM_SGEMM_EXO/n:128     1869727 ns      1869744 ns          383 flops=2.24325G/s
170: BM_SGEMM_EXO/n:256    15078413 ns     15078281 ns           44 flops=2.22535G/s
170: BM_SGEMM_EXO/n:512   135321325 ns    135321010 ns            4 flops=1.98369G/s
170: BM_SGEMM_EXO/n:4096 3262442771 ns   3262464309 ns            1 flops=42.1273G/s
170: BM_SGEMM_EXO/n:8192 2.7676e+10 ns   2.7676e+10 ns            1 flops=39.7277G/s
BLOCKS: M=32, K=256
170: BM_SGEMM_EXO/n:4          51.6 ns         51.6 ns     13529518 flops=2.48283G/s
170: BM_SGEMM_EXO/n:8           295 ns          295 ns      2355212 flops=3.47563G/s
170: BM_SGEMM_EXO/n:16         2227 ns         2227 ns       315232 flops=3.67812G/s
170: BM_SGEMM_EXO/n:32        18271 ns        18272 ns        37991 flops=3.58677G/s
170: BM_SGEMM_EXO/n:64       172562 ns       172562 ns         3981 flops=3.03826G/s
170: BM_SGEMM_EXO/n:128     1871087 ns      1871098 ns          378 flops=2.24163G/s
170: BM_SGEMM_EXO/n:256      342116 ns       342114 ns         2030 flops=98.0796G/s
170: BM_SGEMM_EXO/n:512     2837382 ns      2837370 ns          250 flops=94.6072G/s
170: BM_SGEMM_EXO/n:1024   25163250 ns     25162659 ns           27 flops=85.3441G/s
170: BM_SGEMM_EXO/n:2048  220988585 ns    220980338 ns            3 flops=77.7439G/s
170: BM_SGEMM_EXO/n:4096 1901813052 ns   1901755205 ns            1 flops=72.2695G/s
170: BM_SGEMM_EXO/n:8192 1.8118e+10 ns   1.8118e+10 ns            1 flops=60.6877G/s
BLOCKS: M=64, K=256
170: BM_SGEMM_EXO/n:4          44.2 ns         44.2 ns     15841405 flops=2.89779G/s
170: BM_SGEMM_EXO/n:8           281 ns          281 ns      2495822 flops=3.65052G/s
170: BM_SGEMM_EXO/n:16         2238 ns         2238 ns       313962 flops=3.66019G/s
170: BM_SGEMM_EXO/n:32        18622 ns        18622 ns        37589 flops=3.51931G/s
170: BM_SGEMM_EXO/n:64       171072 ns       171073 ns         4049 flops=3.06471G/s
170: BM_SGEMM_EXO/n:128     1816717 ns      1816719 ns          380 flops=2.30872G/s
170: BM_SGEMM_EXO/n:256      318490 ns       318491 ns         2158 flops=105.354G/s
170: BM_SGEMM_EXO/n:512     2595208 ns      2595168 ns          265 flops=103.437G/s
170: BM_SGEMM_EXO/n:1024   23612985 ns     23612497 ns           29 flops=90.9469G/s
170: BM_SGEMM_EXO/n:2048  211478728 ns    211460190 ns            3 flops=81.244G/s
170: BM_SGEMM_EXO/n:4096 1858372546 ns   1858316982 ns            1 flops=73.9588G/s
170: BM_SGEMM_EXO/n:8192 1.6504e+10 ns   1.6503e+10 ns            1 flops=66.623G/s
BLOCKS: M=128, K=256
170: BM_SGEMM_EXO/n:4          52.0 ns         52.0 ns     13454960 flops=2.46357G/s
170: BM_SGEMM_EXO/n:8           332 ns          332 ns      2129395 flops=3.08286G/s
170: BM_SGEMM_EXO/n:16         2404 ns         2404 ns       293979 flops=3.40811G/s
170: BM_SGEMM_EXO/n:32        18582 ns        18581 ns        37852 flops=3.527G/s
170: BM_SGEMM_EXO/n:64       172603 ns       172603 ns         4088 flops=3.03754G/s
170: BM_SGEMM_EXO/n:128     1838572 ns      1838577 ns          378 flops=2.28128G/s
170: BM_SGEMM_EXO/n:256      316696 ns       316688 ns         2191 flops=105.954G/s
170: BM_SGEMM_EXO/n:512     2582656 ns      2582676 ns          271 flops=103.937G/s
170: BM_SGEMM_EXO/n:1024   23343172 ns     23342529 ns           30 flops=91.9988G/s
170: BM_SGEMM_EXO/n:2048  212771955 ns    212766896 ns            3 flops=80.745G/s
170: BM_SGEMM_EXO/n:4096 1859797540 ns   1859686854 ns            1 flops=73.9044G/s
170: BM_SGEMM_EXO/n:8192 1.6179e+10 ns   1.6178e+10 ns            1 flops=67.9646G/s
BLOCKS: M=256, K=256
170: BM_SGEMM_EXO/n:4          49.4 ns         49.4 ns     14166792 flops=2.58963G/s
170: BM_SGEMM_EXO/n:8           256 ns          256 ns      2756339 flops=3.99397G/s
170: BM_SGEMM_EXO/n:16         2033 ns         2033 ns       335561 flops=4.03019G/s
170: BM_SGEMM_EXO/n:32        18710 ns        18710 ns        37538 flops=3.50269G/s
170: BM_SGEMM_EXO/n:64       171345 ns       171346 ns         4057 flops=3.05983G/s
170: BM_SGEMM_EXO/n:128     1848830 ns      1848844 ns          380 flops=2.26861G/s
170: BM_SGEMM_EXO/n:256      312025 ns       312025 ns         2226 flops=107.538G/s
170: BM_SGEMM_EXO/n:512     2537553 ns      2537552 ns          276 flops=105.785G/s
170: BM_SGEMM_EXO/n:1024   22734333 ns     22733974 ns           30 flops=94.4614G/s
170: BM_SGEMM_EXO/n:2048  220457029 ns    220450200 ns            3 flops=77.9308G/s
170: BM_SGEMM_EXO/n:4096 1903315397 ns   1903240908 ns            1 flops=72.2131G/s
170: BM_SGEMM_EXO/n:8192 1.6494e+10 ns   1.6493e+10 ns            1 flops=66.6637G/s
BLOCKS: M=512, K=256
170: BM_SGEMM_EXO/n:4          47.0 ns         47.0 ns     14984594 flops=2.72231G/s
170: BM_SGEMM_EXO/n:8           293 ns          293 ns      2398880 flops=3.49485G/s
170: BM_SGEMM_EXO/n:16         2193 ns         2193 ns       321614 flops=3.73546G/s
170: BM_SGEMM_EXO/n:32        18528 ns        18528 ns        37611 flops=3.53717G/s
170: BM_SGEMM_EXO/n:64       171251 ns       171251 ns         4084 flops=3.06151G/s
170: BM_SGEMM_EXO/n:128     1840800 ns      1840808 ns          378 flops=2.27851G/s
170: BM_SGEMM_EXO/n:256    18025302 ns     18025247 ns           40 flops=1.86152G/s
170: BM_SGEMM_EXO/n:512     2517175 ns      2517168 ns          284 flops=106.642G/s
170: BM_SGEMM_EXO/n:1024   22757402 ns     22756461 ns           31 flops=94.3681G/s
170: BM_SGEMM_EXO/n:2048  229116617 ns    229109882 ns            3 flops=74.9853G/s
170: BM_SGEMM_EXO/n:4096 1950869070 ns   1950834597 ns            1 flops=70.4514G/s
170: BM_SGEMM_EXO/n:8192 1.6929e+10 ns   1.6929e+10 ns            1 flops=64.949G/s
BLOCKS: M=1024, K=256
170: BM_SGEMM_EXO/n:4          49.6 ns         49.6 ns     14038804 flops=2.58015G/s
170: BM_SGEMM_EXO/n:8           309 ns          309 ns      2284375 flops=3.31339G/s
170: BM_SGEMM_EXO/n:16         2307 ns         2307 ns       301444 flops=3.5504G/s
170: BM_SGEMM_EXO/n:32        20073 ns        20073 ns        35116 flops=3.26484G/s
170: BM_SGEMM_EXO/n:64       179914 ns       179914 ns         3820 flops=2.9141G/s
170: BM_SGEMM_EXO/n:128     1874425 ns      1874436 ns          374 flops=2.23764G/s
170: BM_SGEMM_EXO/n:256    16860068 ns     16860182 ns           41 flops=1.99016G/s
170: BM_SGEMM_EXO/n:512   173785284 ns    173786023 ns            3 flops=1.54463G/s
170: BM_SGEMM_EXO/n:1024   23730211 ns     23730288 ns           30 flops=90.4955G/s
170: BM_SGEMM_EXO/n:2048  229948896 ns    229947184 ns            3 flops=74.7122G/s
170: BM_SGEMM_EXO/n:4096 2116430406 ns   2116422480 ns            1 flops=64.9393G/s
170: BM_SGEMM_EXO/n:8192 1.9598e+10 ns   1.9598e+10 ns            1 flops=56.1034G/s
BLOCKS: M=2048, K=256
170: BM_SGEMM_EXO/n:4          50.2 ns         50.2 ns     10000000 flops=2.55127G/s
170: BM_SGEMM_EXO/n:8           312 ns          312 ns      2231262 flops=3.28602G/s
170: BM_SGEMM_EXO/n:16         2333 ns         2333 ns       300164 flops=3.51133G/s
170: BM_SGEMM_EXO/n:32        20034 ns        20035 ns        35165 flops=3.27112G/s
170: BM_SGEMM_EXO/n:64       179094 ns       179095 ns         3867 flops=2.92744G/s
170: BM_SGEMM_EXO/n:128     1906716 ns      1906730 ns          366 flops=2.19974G/s
170: BM_SGEMM_EXO/n:256    17224222 ns     17224283 ns           42 flops=1.94809G/s
170: BM_SGEMM_EXO/n:512   181420183 ns    181419985 ns            3 flops=1.47964G/s
170: BM_SGEMM_EXO/n:2048  241029474 ns    241016189 ns            3 flops=71.281G/s
170: BM_SGEMM_EXO/n:4096 2202347394 ns   2202318024 ns            1 flops=62.4065G/s
170: BM_SGEMM_EXO/n:8192 1.9184e+10 ns   1.9184e+10 ns            1 flops=57.3134G/s
BLOCKS: M=4096, K=256
170: BM_SGEMM_EXO/n:4          50.1 ns         50.1 ns     13929833 flops=2.5526G/s
170: BM_SGEMM_EXO/n:8           311 ns          311 ns      2269983 flops=3.29774G/s
170: BM_SGEMM_EXO/n:16         2317 ns         2317 ns       300280 flops=3.53578G/s
170: BM_SGEMM_EXO/n:32        20016 ns        20016 ns        34991 flops=3.27412G/s
170: BM_SGEMM_EXO/n:64       180109 ns       180108 ns         3898 flops=2.91096G/s
170: BM_SGEMM_EXO/n:128     1901534 ns      1901523 ns          374 flops=2.20576G/s
170: BM_SGEMM_EXO/n:256    16777429 ns     16777442 ns           42 flops=1.99997G/s
170: BM_SGEMM_EXO/n:512   173797561 ns    173794234 ns            3 flops=1.54456G/s
170: BM_SGEMM_EXO/n:4096 2191778014 ns   2191664851 ns            1 flops=62.7098G/s
170: BM_SGEMM_EXO/n:8192 1.8899e+10 ns   1.8898e+10 ns            1 flops=58.1801G/s
BLOCKS: M=32, K=512
170: BM_SGEMM_EXO/n:4          53.8 ns         53.8 ns     13082721 flops=2.38094G/s
170: BM_SGEMM_EXO/n:8           307 ns          307 ns      2232650 flops=3.33306G/s
170: BM_SGEMM_EXO/n:16         2227 ns         2227 ns       317236 flops=3.67828G/s
170: BM_SGEMM_EXO/n:32        18357 ns        18358 ns        38447 flops=3.56996G/s
170: BM_SGEMM_EXO/n:64       171105 ns       171104 ns         4006 flops=3.06414G/s
170: BM_SGEMM_EXO/n:128     1841618 ns      1841629 ns          383 flops=2.2775G/s
170: BM_SGEMM_EXO/n:256    16668809 ns     16668845 ns           42 flops=2.013G/s
170: BM_SGEMM_EXO/n:512     3072835 ns      3072798 ns          230 flops=87.3586G/s
170: BM_SGEMM_EXO/n:1024   24831266 ns     24831008 ns           28 flops=86.484G/s
170: BM_SGEMM_EXO/n:2048  215849657 ns    215850131 ns            3 flops=79.5917G/s
170: BM_SGEMM_EXO/n:4096 1939569239 ns   1939527926 ns            1 flops=70.8621G/s
170: BM_SGEMM_EXO/n:8192 2.0877e+10 ns   2.0877e+10 ns            1 flops=52.6657G/s
BLOCKS: M=64, K=512
170: BM_SGEMM_EXO/n:4          50.6 ns         50.6 ns     13829275 flops=2.53116G/s
170: BM_SGEMM_EXO/n:8           284 ns          284 ns      2444931 flops=3.60077G/s
170: BM_SGEMM_EXO/n:16         2223 ns         2223 ns       314604 flops=3.68528G/s
170: BM_SGEMM_EXO/n:32        18701 ns        18701 ns        37208 flops=3.50435G/s
170: BM_SGEMM_EXO/n:64       171733 ns       171735 ns         4083 flops=3.05289G/s
170: BM_SGEMM_EXO/n:128     1831219 ns      1831240 ns          383 flops=2.29042G/s
170: BM_SGEMM_EXO/n:256    17852355 ns     17852458 ns           39 flops=1.87954G/s
170: BM_SGEMM_EXO/n:512     2879183 ns      2879145 ns          247 flops=93.2344G/s
170: BM_SGEMM_EXO/n:1024   23202243 ns     23202122 ns           30 flops=92.5555G/s
170: BM_SGEMM_EXO/n:2048  204872339 ns    204862270 ns            3 flops=83.8606G/s
170: BM_SGEMM_EXO/n:4096 1760322114 ns   1760295719 ns            1 flops=78.0772G/s
170: BM_SGEMM_EXO/n:8192 1.6803e+10 ns   1.6803e+10 ns            1 flops=65.4357G/s
BLOCKS: M=128, K=512
170: BM_SGEMM_EXO/n:4          56.0 ns         56.0 ns     12559446 flops=2.28682G/s
170: BM_SGEMM_EXO/n:8           332 ns          332 ns      2113791 flops=3.0879G/s
170: BM_SGEMM_EXO/n:16         2409 ns         2409 ns       292971 flops=3.4007G/s
170: BM_SGEMM_EXO/n:32        18516 ns        18517 ns        37939 flops=3.53932G/s
170: BM_SGEMM_EXO/n:64       172521 ns       172521 ns         4063 flops=3.03899G/s
170: BM_SGEMM_EXO/n:128     1849477 ns      1849486 ns          375 flops=2.26782G/s
170: BM_SGEMM_EXO/n:256    16940196 ns     16940229 ns           43 flops=1.98075G/s
170: BM_SGEMM_EXO/n:512     2693631 ns      2693636 ns          254 flops=99.6554G/s
170: BM_SGEMM_EXO/n:1024   22104673 ns     22104420 ns           32 flops=97.1518G/s
170: BM_SGEMM_EXO/n:2048  196373775 ns    196367344 ns            3 flops=87.4884G/s
170: BM_SGEMM_EXO/n:4096 1681877978 ns   1681844832 ns            1 flops=81.7192G/s
170: BM_SGEMM_EXO/n:8192 1.5163e+10 ns   1.5162e+10 ns            1 flops=72.5154G/s
BLOCKS: M=256, K=512
170: BM_SGEMM_EXO/n:4          51.6 ns         51.6 ns     13603698 flops=2.48293G/s
170: BM_SGEMM_EXO/n:8           299 ns          299 ns      2356888 flops=3.42075G/s
170: BM_SGEMM_EXO/n:16         2198 ns         2198 ns       309282 flops=3.72625G/s
170: BM_SGEMM_EXO/n:32        18520 ns        18520 ns        37715 flops=3.53873G/s
170: BM_SGEMM_EXO/n:64       171766 ns       171768 ns         4032 flops=3.05229G/s
170: BM_SGEMM_EXO/n:128     1816971 ns      1816977 ns          384 flops=2.3084G/s
170: BM_SGEMM_EXO/n:256    17368525 ns     17368591 ns           40 flops=1.9319G/s
170: BM_SGEMM_EXO/n:512     2664494 ns      2664470 ns          263 flops=100.746G/s
170: BM_SGEMM_EXO/n:1024   22906940 ns     22907161 ns           31 flops=93.7473G/s
170: BM_SGEMM_EXO/n:2048  201441080 ns    201426008 ns            3 flops=85.2912G/s
170: BM_SGEMM_EXO/n:4096 1706989605 ns   1706984913 ns            1 flops=80.5156G/s
170: BM_SGEMM_EXO/n:8192 1.4717e+10 ns   1.4717e+10 ns            1 flops=74.7121G/s
BLOCKS: M=512, K=512
170: BM_SGEMM_EXO/n:4          54.9 ns         54.9 ns     12303345 flops=2.33041G/s
170: BM_SGEMM_EXO/n:8           315 ns          315 ns      2250268 flops=3.25364G/s
170: BM_SGEMM_EXO/n:16         2315 ns         2315 ns       301119 flops=3.53899G/s
170: BM_SGEMM_EXO/n:32        20005 ns        20005 ns        35183 flops=3.27602G/s
170: BM_SGEMM_EXO/n:64       179686 ns       179686 ns         3819 flops=2.91779G/s
170: BM_SGEMM_EXO/n:128     1881999 ns      1882001 ns          373 flops=2.22864G/s
170: BM_SGEMM_EXO/n:256    17418124 ns     17418180 ns           41 flops=1.9264G/s
170: BM_SGEMM_EXO/n:512     2576184 ns      2576195 ns          273 flops=104.198G/s
170: BM_SGEMM_EXO/n:1024   21949276 ns     21948469 ns           32 flops=97.8421G/s
170: BM_SGEMM_EXO/n:2048  204880629 ns    204871340 ns            3 flops=83.8569G/s
170: BM_SGEMM_EXO/n:4096 1741976019 ns   1741959938 ns            1 flops=78.899G/s
170: BM_SGEMM_EXO/n:8192 1.6297e+10 ns   1.6296e+10 ns            1 flops=67.4697G/s
BLOCKS: M=1024, K=512
170: BM_SGEMM_EXO/n:4          55.1 ns         55.1 ns     12717852 flops=2.32126G/s
170: BM_SGEMM_EXO/n:8           314 ns          314 ns      2242251 flops=3.26598G/s
170: BM_SGEMM_EXO/n:16         2314 ns         2314 ns       295423 flops=3.53974G/s
170: BM_SGEMM_EXO/n:32        20228 ns        20227 ns        35114 flops=3.23997G/s
170: BM_SGEMM_EXO/n:64       180718 ns       180715 ns         3897 flops=2.90119G/s
170: BM_SGEMM_EXO/n:128     1885379 ns      1885386 ns          373 flops=2.22464G/s
170: BM_SGEMM_EXO/n:256    17730657 ns     17729559 ns           40 flops=1.89257G/s
170: BM_SGEMM_EXO/n:1024   22710188 ns     22708633 ns           31 flops=94.5668G/s
170: BM_SGEMM_EXO/n:2048  213962751 ns    213947088 ns            3 flops=80.2996G/s
170: BM_SGEMM_EXO/n:4096 1830140795 ns   1830052599 ns            1 flops=75.1011G/s
170: BM_SGEMM_EXO/n:8192 1.5350e+10 ns   1.5349e+10 ns            1 flops=71.6358G/s
BLOCKS: M=2048, K=512
170: BM_SGEMM_EXO/n:4          55.1 ns         55.1 ns     12773752 flops=2.32135G/s
170: BM_SGEMM_EXO/n:8           314 ns          314 ns      2202147 flops=3.26129G/s
170: BM_SGEMM_EXO/n:16         2328 ns         2328 ns       296077 flops=3.51852G/s
170: BM_SGEMM_EXO/n:32        20059 ns        20059 ns        34153 flops=3.26724G/s
170: BM_SGEMM_EXO/n:64       180378 ns       180380 ns         3886 flops=2.90658G/s
170: BM_SGEMM_EXO/n:128     1888366 ns      1888358 ns          374 flops=2.22114G/s
170: BM_SGEMM_EXO/n:256    17553993 ns     17554148 ns           40 flops=1.91148G/s
170: BM_SGEMM_EXO/n:512   241570630 ns    241567765 ns            3 flops=1.11122G/s
170: BM_SGEMM_EXO/n:2048  221545053 ns    221544792 ns            3 flops=77.5458G/s
170: BM_SGEMM_EXO/n:4096 1888163219 ns   1888125151 ns            1 flops=72.7912G/s
170: BM_SGEMM_EXO/n:8192 1.6591e+10 ns   1.6591e+10 ns            1 flops=66.2725G/s
BLOCKS: M=4096, K=512
170: BM_SGEMM_EXO/n:4          55.0 ns         55.0 ns     12291739 flops=2.32666G/s
170: BM_SGEMM_EXO/n:8           313 ns          313 ns      2242734 flops=3.2726G/s
170: BM_SGEMM_EXO/n:16         2336 ns         2336 ns       302687 flops=3.50698G/s
170: BM_SGEMM_EXO/n:32        20057 ns        20055 ns        34996 flops=3.26783G/s
170: BM_SGEMM_EXO/n:64       181810 ns       181809 ns         3887 flops=2.88372G/s
170: BM_SGEMM_EXO/n:128     1889952 ns      1889961 ns          372 flops=2.21925G/s
170: BM_SGEMM_EXO/n:256    17496905 ns     17496859 ns           37 flops=1.91774G/s
170: BM_SGEMM_EXO/n:512   243742871 ns    243742417 ns            3 flops=1.10131G/s
170: BM_SGEMM_EXO/n:4096 1863712311 ns   1863580027 ns            1 flops=73.75G/s
170: BM_SGEMM_EXO/n:8192 1.5549e+10 ns   1.5548e+10 ns            1 flops=70.7154G/s
BLOCKS: M=32, K=1024
170: BM_SGEMM_EXO/n:4          86.9 ns         86.9 ns      8204682 flops=1.47376G/s
170: BM_SGEMM_EXO/n:8           335 ns          335 ns      2084733 flops=3.05621G/s
170: BM_SGEMM_EXO/n:16         2270 ns         2270 ns       308047 flops=3.60943G/s
170: BM_SGEMM_EXO/n:32        18213 ns        18213 ns        38476 flops=3.59828G/s
170: BM_SGEMM_EXO/n:64       172985 ns       172986 ns         4068 flops=3.03082G/s
170: BM_SGEMM_EXO/n:128     1841438 ns      1841458 ns          381 flops=2.27771G/s
170: BM_SGEMM_EXO/n:256    17040091 ns     17040209 ns           42 flops=1.96913G/s
170: BM_SGEMM_EXO/n:512   240305367 ns    240307431 ns            3 flops=1.11705G/s
170: BM_SGEMM_EXO/n:1024   26273709 ns     26272928 ns           27 flops=81.7375G/s
170: BM_SGEMM_EXO/n:2048  238395459 ns    238399186 ns            3 flops=72.0635G/s
170: BM_SGEMM_EXO/n:4096 2349025489 ns   2348991234 ns            1 flops=58.5098G/s
170: BM_SGEMM_EXO/n:8192 2.0399e+10 ns   2.0399e+10 ns            1 flops=53.9016G/s
BLOCKS: M=64, K=1024
170: BM_SGEMM_EXO/n:4          85.4 ns         85.4 ns      8077026 flops=1.49799G/s
170: BM_SGEMM_EXO/n:8           319 ns          319 ns      2177614 flops=3.21062G/s
170: BM_SGEMM_EXO/n:16         2305 ns         2305 ns       301612 flops=3.55422G/s
170: BM_SGEMM_EXO/n:32        18642 ns        18642 ns        37564 flops=3.51555G/s
170: BM_SGEMM_EXO/n:64       173209 ns       173210 ns         4083 flops=3.02689G/s
170: BM_SGEMM_EXO/n:128     1812006 ns      1812034 ns          375 flops=2.31469G/s
170: BM_SGEMM_EXO/n:256    16936178 ns     16936253 ns           41 flops=1.98122G/s
170: BM_SGEMM_EXO/n:512   195724186 ns    195727297 ns            3 flops=1.37148G/s
170: BM_SGEMM_EXO/n:1024   24260812 ns     24260401 ns           29 flops=88.5181G/s
170: BM_SGEMM_EXO/n:2048  214666738 ns    214668183 ns            3 flops=80.0299G/s
170: BM_SGEMM_EXO/n:4096 1944263141 ns   1944237562 ns            1 flops=70.6904G/s
170: BM_SGEMM_EXO/n:8192 1.7178e+10 ns   1.7178e+10 ns            1 flops=64.0063G/s
BLOCKS: M=128, K=1024
170: BM_SGEMM_EXO/n:4          80.5 ns         80.5 ns      8687229 flops=1.59049G/s
170: BM_SGEMM_EXO/n:8           367 ns          367 ns      1923484 flops=2.78659G/s
170: BM_SGEMM_EXO/n:16         2416 ns         2416 ns       288030 flops=3.39024G/s
170: BM_SGEMM_EXO/n:32        18603 ns        18604 ns        37805 flops=3.52276G/s
170: BM_SGEMM_EXO/n:64       172622 ns       172623 ns         4058 flops=3.03718G/s
170: BM_SGEMM_EXO/n:128     1837681 ns      1837693 ns          382 flops=2.28237G/s
170: BM_SGEMM_EXO/n:256    16800909 ns     16800941 ns           42 flops=1.99718G/s
170: BM_SGEMM_EXO/n:512   194420377 ns    194422654 ns            3 flops=1.38068G/s
170: BM_SGEMM_EXO/n:1024   23003514 ns     23003385 ns           31 flops=93.3551G/s
170: BM_SGEMM_EXO/n:2048  201778680 ns    201782147 ns            3 flops=85.1407G/s
170: BM_SGEMM_EXO/n:4096 1702986126 ns   1702983861 ns            1 flops=80.7048G/s
170: BM_SGEMM_EXO/n:8192 1.4707e+10 ns   1.4707e+10 ns            1 flops=74.7629G/s
BLOCKS: M=256, K=1024
170: BM_SGEMM_EXO/n:4          90.4 ns         90.4 ns      7583516 flops=1.41523G/s
170: BM_SGEMM_EXO/n:8           341 ns          341 ns      2075331 flops=3.00719G/s
170: BM_SGEMM_EXO/n:16         2243 ns         2243 ns       315733 flops=3.65173G/s
170: BM_SGEMM_EXO/n:32        18782 ns        18782 ns        37725 flops=3.48922G/s
170: BM_SGEMM_EXO/n:64       172250 ns       172250 ns         4087 flops=3.04376G/s
170: BM_SGEMM_EXO/n:128     1824271 ns      1824277 ns          386 flops=2.29916G/s
170: BM_SGEMM_EXO/n:256    17401174 ns     17401229 ns           40 flops=1.92828G/s
170: BM_SGEMM_EXO/n:512   240153545 ns    240152595 ns            3 flops=1.11777G/s
170: BM_SGEMM_EXO/n:1024   22787517 ns     22787493 ns           30 flops=94.2396G/s
170: BM_SGEMM_EXO/n:2048  218884931 ns    218880019 ns            3 flops=78.4899G/s
170: BM_SGEMM_EXO/n:4096 1868930258 ns   1868886315 ns            1 flops=73.5406G/s
170: BM_SGEMM_EXO/n:8192 1.9370e+10 ns   1.9370e+10 ns            1 flops=56.7635G/s
BLOCKS: M=512, K=1024
170: BM_SGEMM_EXO/n:4          88.1 ns         88.1 ns      7987841 flops=1.45284G/s
170: BM_SGEMM_EXO/n:8           356 ns          356 ns      1996018 flops=2.88035G/s
170: BM_SGEMM_EXO/n:16         2409 ns         2409 ns       292938 flops=3.40123G/s
170: BM_SGEMM_EXO/n:32        20475 ns        20475 ns        34418 flops=3.20076G/s
170: BM_SGEMM_EXO/n:64       183200 ns       183202 ns         3831 flops=2.86181G/s
170: BM_SGEMM_EXO/n:128     2042072 ns      2042092 ns          341 flops=2.05393G/s
170: BM_SGEMM_EXO/n:256    17730387 ns     17730353 ns           40 flops=1.89249G/s
170: BM_SGEMM_EXO/n:512   195380143 ns    195378100 ns            3 flops=1.37393G/s
170: BM_SGEMM_EXO/n:1024   23129430 ns     23128923 ns           31 flops=92.8484G/s
170: BM_SGEMM_EXO/n:2048  213730253 ns    213715147 ns            3 flops=80.3868G/s
170: BM_SGEMM_EXO/n:4096 1755065966 ns   1754967017 ns            1 flops=78.3143G/s
170: BM_SGEMM_EXO/n:8192 1.3827e+10 ns   1.3827e+10 ns            1 flops=79.5187G/s
BLOCKS: M=1024, K=1024
170: BM_SGEMM_EXO/n:4          86.7 ns         86.7 ns      8116766 flops=1.47631G/s
170: BM_SGEMM_EXO/n:8           344 ns          344 ns      2037279 flops=2.97776G/s
170: BM_SGEMM_EXO/n:16         2353 ns         2353 ns       297930 flops=3.48113G/s
170: BM_SGEMM_EXO/n:32        20050 ns        20050 ns        34871 flops=3.26867G/s
170: BM_SGEMM_EXO/n:64       180278 ns       180280 ns         3907 flops=2.90819G/s
170: BM_SGEMM_EXO/n:128     1885362 ns      1885194 ns          373 flops=2.22487G/s
170: BM_SGEMM_EXO/n:256    17756600 ns     17756406 ns           40 flops=1.88971G/s
170: BM_SGEMM_EXO/n:1024   22681032 ns     22680215 ns           31 flops=94.6853G/s
170: BM_SGEMM_EXO/n:2048  214764267 ns    214764068 ns            3 flops=79.9942G/s
170: BM_SGEMM_EXO/n:4096 1725014160 ns   1724904750 ns            1 flops=79.6792G/s
170: BM_SGEMM_EXO/n:8192 1.5900e+10 ns   1.5899e+10 ns            1 flops=69.155G/s
BLOCKS: M=2048, K=1024
170: BM_SGEMM_EXO/n:4          78.6 ns         78.6 ns      8935345 flops=1.62772G/s
170: BM_SGEMM_EXO/n:8           341 ns          341 ns      2070874 flops=3.00592G/s
170: BM_SGEMM_EXO/n:16         2336 ns         2336 ns       298518 flops=3.50672G/s
170: BM_SGEMM_EXO/n:32        20007 ns        20007 ns        35219 flops=3.27566G/s
170: BM_SGEMM_EXO/n:64       179556 ns       179556 ns         3884 flops=2.91991G/s
170: BM_SGEMM_EXO/n:128     1874371 ns      1874379 ns          373 flops=2.2377G/s
170: BM_SGEMM_EXO/n:256    18419553 ns     18419463 ns           38 flops=1.82168G/s
170: BM_SGEMM_EXO/n:512   240751530 ns    240751332 ns            3 flops=1.11499G/s
170: BM_SGEMM_EXO/n:2048  219476594 ns    219480421 ns            3 flops=78.2752G/s
170: BM_SGEMM_EXO/n:4096 1740699417 ns   1740684937 ns            1 flops=78.9568G/s
170: BM_SGEMM_EXO/n:8192 1.4018e+10 ns   1.4018e+10 ns            1 flops=78.4357G/s
BLOCKS: M=4096, K=1024
170: BM_SGEMM_EXO/n:4          87.1 ns         87.1 ns      8109970 flops=1.46947G/s
170: BM_SGEMM_EXO/n:8           343 ns          343 ns      2041901 flops=2.98295G/s
170: BM_SGEMM_EXO/n:16         2358 ns         2358 ns       299498 flops=3.47374G/s
170: BM_SGEMM_EXO/n:32        19927 ns        19927 ns        34789 flops=3.28881G/s
170: BM_SGEMM_EXO/n:64       179368 ns       179368 ns         3900 flops=2.92297G/s
170: BM_SGEMM_EXO/n:128     1882138 ns      1882143 ns          366 flops=2.22847G/s
170: BM_SGEMM_EXO/n:256    18713514 ns     18713754 ns           37 flops=1.79304G/s
170: BM_SGEMM_EXO/n:512   204447840 ns    204449270 ns            3 flops=1.31297G/s
170: BM_SGEMM_EXO/n:4096 1696412830 ns   1696380467 ns            1 flops=81.0189G/s
170: BM_SGEMM_EXO/n:8192 1.3799e+10 ns   1.3799e+10 ns            1 flops=79.6804G/s
BLOCKS: M=32, K=2048
170: BM_SGEMM_EXO/n:8           373 ns          373 ns      1873925 flops=2.74238G/s
170: BM_SGEMM_EXO/n:16         2304 ns         2304 ns       299715 flops=3.55483G/s
170: BM_SGEMM_EXO/n:32        18314 ns        18314 ns        38237 flops=3.57851G/s
170: BM_SGEMM_EXO/n:64       172300 ns       172300 ns         4033 flops=3.04288G/s
170: BM_SGEMM_EXO/n:128     1826685 ns      1826685 ns          384 flops=2.29613G/s
170: BM_SGEMM_EXO/n:256    16867735 ns     16867693 ns           42 flops=1.98927G/s
170: BM_SGEMM_EXO/n:512   194537708 ns    194536637 ns            3 flops=1.37987G/s
170: BM_SGEMM_EXO/n:2048  466980480 ns    466965088 ns            2 flops=36.7905G/s
170: BM_SGEMM_EXO/n:4096 4610750074 ns   4610640223 ns            1 flops=29.8091G/s
170: BM_SGEMM_EXO/n:8192 2.5211e+10 ns   2.5210e+10 ns            1 flops=43.6135G/s
BLOCKS: M=64, K=2048
170: BM_SGEMM_EXO/n:8           363 ns          363 ns      1938763 flops=2.81993G/s
170: BM_SGEMM_EXO/n:16         2329 ns         2329 ns       301056 flops=3.51782G/s
170: BM_SGEMM_EXO/n:32        18692 ns        18692 ns        37473 flops=3.50615G/s
170: BM_SGEMM_EXO/n:64       172738 ns       172739 ns         4036 flops=3.03514G/s
170: BM_SGEMM_EXO/n:128     1824645 ns      1824636 ns          381 flops=2.29871G/s
170: BM_SGEMM_EXO/n:256    16910598 ns     16910567 ns           40 flops=1.98423G/s
170: BM_SGEMM_EXO/n:512   205320389 ns    205319739 ns            3 flops=1.3074G/s
170: BM_SGEMM_EXO/n:2048  323841380 ns    323838584 ns            2 flops=53.0507G/s
170: BM_SGEMM_EXO/n:4096 3055701222 ns   3055626520 ns            1 flops=44.979G/s
170: BM_SGEMM_EXO/n:8192 1.7286e+10 ns   1.7286e+10 ns            1 flops=63.6081G/s
BLOCKS: M=128, K=2048
170: BM_SGEMM_EXO/n:8           411 ns          411 ns      1689429 flops=2.49186G/s
170: BM_SGEMM_EXO/n:16         2474 ns         2474 ns       283817 flops=3.3118G/s
170: BM_SGEMM_EXO/n:32        18565 ns        18565 ns        36887 flops=3.53018G/s
170: BM_SGEMM_EXO/n:64       171134 ns       171136 ns         4022 flops=3.06358G/s
170: BM_SGEMM_EXO/n:128     1844101 ns      1844110 ns          383 flops=2.27443G/s
170: BM_SGEMM_EXO/n:256    16539071 ns     16539191 ns           42 flops=2.02878G/s
170: BM_SGEMM_EXO/n:512   206189896 ns    206189979 ns            3 flops=1.30188G/s
170: BM_SGEMM_EXO/n:2048  255961151 ns    255956158 ns            3 flops=67.1204G/s
170: BM_SGEMM_EXO/n:4096 2242787242 ns   2242716382 ns            1 flops=61.2824G/s
170: BM_SGEMM_EXO/n:8192 3.0446e+10 ns   3.0446e+10 ns            1 flops=36.1136G/s
BLOCKS: M=256, K=2048
170: BM_SGEMM_EXO/n:8           379 ns          379 ns      1839557 flops=2.70461G/s
170: BM_SGEMM_EXO/n:16         2315 ns         2315 ns       304574 flops=3.53857G/s
170: BM_SGEMM_EXO/n:32        18761 ns        18761 ns        37344 flops=3.49325G/s
170: BM_SGEMM_EXO/n:64       172016 ns       172018 ns         4085 flops=3.04786G/s
170: BM_SGEMM_EXO/n:128     1917341 ns      1917338 ns          359 flops=2.18757G/s
170: BM_SGEMM_EXO/n:256    16793207 ns     16793249 ns           42 flops=1.99809G/s
170: BM_SGEMM_EXO/n:512   196391595 ns    196391661 ns            3 flops=1.36684G/s
170: BM_SGEMM_EXO/n:2048  225255079 ns    225248508 ns            3 flops=76.2707G/s
170: BM_SGEMM_EXO/n:4096 1951880875 ns   1951876120 ns            1 flops=70.4138G/s
170: BM_SGEMM_EXO/n:8192 1.3944e+10 ns   1.3944e+10 ns            1 flops=78.8501G/s
BLOCKS: M=512, K=2048
170: BM_SGEMM_EXO/n:8           391 ns          391 ns      1795654 flops=2.61598G/s
170: BM_SGEMM_EXO/n:16         2401 ns         2401 ns       288105 flops=3.41193G/s
170: BM_SGEMM_EXO/n:32        20067 ns        20067 ns        35025 flops=3.26587G/s
170: BM_SGEMM_EXO/n:64       180719 ns       180719 ns         3908 flops=2.90112G/s
170: BM_SGEMM_EXO/n:128     1881590 ns      1881587 ns          372 flops=2.22913G/s
170: BM_SGEMM_EXO/n:256    17653482 ns     17653607 ns           39 flops=1.90071G/s
170: BM_SGEMM_EXO/n:512   205062773 ns    205063605 ns            3 flops=1.30904G/s
170: BM_SGEMM_EXO/n:2048  210505546 ns    210503205 ns            3 flops=81.6133G/s
170: BM_SGEMM_EXO/n:4096 1783630966 ns   1783583401 ns            1 flops=77.0578G/s
170: BM_SGEMM_EXO/n:8192 1.3555e+10 ns   1.3554e+10 ns            1 flops=81.1198G/s
BLOCKS: M=1024, K=2048
170: BM_SGEMM_EXO/n:8           403 ns          403 ns      1712565 flops=2.53898G/s
170: BM_SGEMM_EXO/n:16         2447 ns         2447 ns       286019 flops=3.34788G/s
170: BM_SGEMM_EXO/n:32        20569 ns        20569 ns        33909 flops=3.18614G/s
170: BM_SGEMM_EXO/n:64       183453 ns       183454 ns         3821 flops=2.85787G/s
170: BM_SGEMM_EXO/n:128     1945207 ns      1945223 ns          363 flops=2.15621G/s
170: BM_SGEMM_EXO/n:256    17508346 ns     17508190 ns           41 flops=1.9165G/s
170: BM_SGEMM_EXO/n:512   204232518 ns    204232451 ns            3 flops=1.31436G/s
170: BM_SGEMM_EXO/n:2048  222817665 ns    222817246 ns            3 flops=77.103G/s
170: BM_SGEMM_EXO/n:4096 1858787224 ns   1858780026 ns            1 flops=73.9404G/s
170: BM_SGEMM_EXO/n:8192 1.6378e+10 ns   1.6378e+10 ns            1 flops=67.133G/s
BLOCKS: M=2048, K=2048
170: BM_SGEMM_EXO/n:8           401 ns          401 ns      1752867 flops=2.55177G/s
170: BM_SGEMM_EXO/n:16         2439 ns         2439 ns       286930 flops=3.35866G/s
170: BM_SGEMM_EXO/n:32        20707 ns        20707 ns        34300 flops=3.16485G/s
170: BM_SGEMM_EXO/n:64       182987 ns       182988 ns         3826 flops=2.86515G/s
170: BM_SGEMM_EXO/n:128     1926089 ns      1926095 ns          367 flops=2.17762G/s
170: BM_SGEMM_EXO/n:256    19719699 ns     19719936 ns           37 flops=1.70155G/s
170: BM_SGEMM_EXO/n:512   202889125 ns    202888351 ns            3 flops=1.32307G/s
170: BM_SGEMM_EXO/n:2048  220559103 ns    220558898 ns            3 flops=77.8924G/s
170: BM_SGEMM_EXO/n:4096 1789078180 ns   1789050763 ns            1 flops=76.8223G/s
170: BM_SGEMM_EXO/n:8192 1.4031e+10 ns   1.4031e+10 ns            1 flops=78.364G/s
BLOCKS: M=4096, K=2048
170: BM_SGEMM_EXO/n:8           411 ns          411 ns      1721655 flops=2.49065G/s
170: BM_SGEMM_EXO/n:16         2420 ns         2420 ns       286580 flops=3.38521G/s
170: BM_SGEMM_EXO/n:32        20100 ns        20100 ns        35024 flops=3.26046G/s
170: BM_SGEMM_EXO/n:64       181400 ns       181398 ns         3914 flops=2.89026G/s
170: BM_SGEMM_EXO/n:128     1872477 ns      1872496 ns          373 flops=2.23995G/s
170: BM_SGEMM_EXO/n:256    18484086 ns     18484115 ns           38 flops=1.81531G/s
170: BM_SGEMM_EXO/n:512   206030838 ns    206030311 ns            3 flops=1.30289G/s
170: BM_SGEMM_EXO/n:4096 1835528105 ns   1835484496 ns            1 flops=74.8788G/s
170: BM_SGEMM_EXO/n:8192 1.4863e+10 ns   1.4863e+10 ns            1 flops=73.9757G/s
BLOCKS: M=32, K=4096
170: BM_SGEMM_EXO/n:8           502 ns          502 ns      1394798 flops=2.03843G/s
170: BM_SGEMM_EXO/n:16         2421 ns         2421 ns       286924 flops=3.38332G/s
170: BM_SGEMM_EXO/n:32        18438 ns        18438 ns        37167 flops=3.55431G/s
170: BM_SGEMM_EXO/n:64       172748 ns       172748 ns         4085 flops=3.03498G/s
170: BM_SGEMM_EXO/n:128     1844691 ns      1844681 ns          382 flops=2.27373G/s
170: BM_SGEMM_EXO/n:256    16868057 ns     16868074 ns           42 flops=1.98923G/s
170: BM_SGEMM_EXO/n:512   242781687 ns    242781216 ns            3 flops=1.10567G/s
170: BM_SGEMM_EXO/n:4096 5143892029 ns   5143874933 ns            1 flops=26.719G/s
170: BM_SGEMM_EXO/n:8192 3.7730e+10 ns   3.7730e+10 ns            1 flops=29.1414G/s
BLOCKS: M=64, K=4096
170: BM_SGEMM_EXO/n:8           499 ns          499 ns      1414265 flops=2.0528G/s
170: BM_SGEMM_EXO/n:16         2433 ns         2433 ns       285389 flops=3.3666G/s
170: BM_SGEMM_EXO/n:32        18877 ns        18877 ns        37289 flops=3.47179G/s
170: BM_SGEMM_EXO/n:64       171501 ns       171504 ns         4028 flops=3.057G/s
170: BM_SGEMM_EXO/n:128     1810206 ns      1810225 ns          387 flops=2.31701G/s
170: BM_SGEMM_EXO/n:256    17248479 ns     17248587 ns           40 flops=1.94534G/s
170: BM_SGEMM_EXO/n:512   241055073 ns    241055086 ns            3 flops=1.11359G/s
170: BM_SGEMM_EXO/n:4096 3606224249 ns   3606170005 ns            1 flops=38.1122G/s
170: BM_SGEMM_EXO/n:8192 2.5220e+10 ns   2.5219e+10 ns            1 flops=43.5977G/s
BLOCKS: M=128, K=4096
170: BM_SGEMM_EXO/n:8           576 ns          576 ns      1208322 flops=1.77773G/s
170: BM_SGEMM_EXO/n:16         2642 ns         2642 ns       267881 flops=3.10034G/s
170: BM_SGEMM_EXO/n:32        18676 ns        18676 ns        37341 flops=3.50904G/s
170: BM_SGEMM_EXO/n:64       172174 ns       172174 ns         4077 flops=3.0451G/s
170: BM_SGEMM_EXO/n:128     1850974 ns      1850997 ns          380 flops=2.26597G/s
170: BM_SGEMM_EXO/n:256    16801379 ns     16801388 ns           42 flops=1.99712G/s
170: BM_SGEMM_EXO/n:512   196517001 ns    196515396 ns            3 flops=1.36598G/s
170: BM_SGEMM_EXO/n:4096 2533348612 ns   2533338200 ns            1 flops=54.2521G/s
170: BM_SGEMM_EXO/n:8192 2.4554e+10 ns   2.4553e+10 ns            1 flops=44.7806G/s
BLOCKS: M=256, K=4096
170: BM_SGEMM_EXO/n:8           530 ns          530 ns      1324845 flops=1.93062G/s
170: BM_SGEMM_EXO/n:16         2486 ns         2486 ns       283671 flops=3.29469G/s
170: BM_SGEMM_EXO/n:32        19041 ns        19041 ns        36202 flops=3.44181G/s
170: BM_SGEMM_EXO/n:64       171996 ns       171997 ns         3995 flops=3.04823G/s
170: BM_SGEMM_EXO/n:128     1851619 ns      1851609 ns          382 flops=2.26522G/s
170: BM_SGEMM_EXO/n:256    16672618 ns     16672568 ns           41 flops=2.01255G/s
170: BM_SGEMM_EXO/n:512   206183433 ns    206182469 ns            3 flops=1.30193G/s
170: BM_SGEMM_EXO/n:4096 2217157107 ns   2217131124 ns            1 flops=61.9895G/s
170: BM_SGEMM_EXO/n:8192 2.2668e+10 ns   2.2668e+10 ns            1 flops=48.5058G/s
BLOCKS: M=512, K=4096
170: BM_SGEMM_EXO/n:8           534 ns          534 ns      1310018 flops=1.91873G/s
170: BM_SGEMM_EXO/n:16         2592 ns         2592 ns       270177 flops=3.16037G/s
170: BM_SGEMM_EXO/n:32        20578 ns        20577 ns        34040 flops=3.18491G/s
170: BM_SGEMM_EXO/n:64       184699 ns       184701 ns         3719 flops=2.83858G/s
170: BM_SGEMM_EXO/n:128     1875404 ns      1875416 ns          374 flops=2.23647G/s
170: BM_SGEMM_EXO/n:256    18643991 ns     18644145 ns           39 flops=1.79973G/s
170: BM_SGEMM_EXO/n:512   241797412 ns    241798043 ns            3 flops=1.11016G/s
170: BM_SGEMM_EXO/n:4096 2109105687 ns   2109057076 ns            1 flops=65.1661G/s
170: BM_SGEMM_EXO/n:8192 2.0441e+10 ns   2.0441e+10 ns            1 flops=53.7902G/s
BLOCKS: M=1024, K=4096
170: BM_SGEMM_EXO/n:8           522 ns          522 ns      1359200 flops=1.96272G/s
170: BM_SGEMM_EXO/n:16         2526 ns         2526 ns       275295 flops=3.24333G/s
170: BM_SGEMM_EXO/n:32        20194 ns        20194 ns        34790 flops=3.2453G/s
170: BM_SGEMM_EXO/n:64       179349 ns       179351 ns         3803 flops=2.92324G/s
170: BM_SGEMM_EXO/n:128     1877786 ns      1877795 ns          373 flops=2.23363G/s
170: BM_SGEMM_EXO/n:256    16965175 ns     16965157 ns           40 flops=1.97784G/s
170: BM_SGEMM_EXO/n:512   196822141 ns    196820666 ns            3 flops=1.36386G/s
170: BM_SGEMM_EXO/n:4096 1943708717 ns   1943704966 ns            1 flops=70.7098G/s
170: BM_SGEMM_EXO/n:8192 1.5377e+10 ns   1.5377e+10 ns            1 flops=71.5014G/s
BLOCKS: M=2048, K=4096
170: BM_SGEMM_EXO/n:8           540 ns          540 ns      1310090 flops=1.89539G/s
170: BM_SGEMM_EXO/n:16         2546 ns         2546 ns       272713 flops=3.21734G/s
170: BM_SGEMM_EXO/n:32        20286 ns        20286 ns        33826 flops=3.2306G/s
170: BM_SGEMM_EXO/n:64       179883 ns       179884 ns         3871 flops=2.91459G/s
170: BM_SGEMM_EXO/n:128     1901946 ns      1901961 ns          371 flops=2.20525G/s
170: BM_SGEMM_EXO/n:256    17389917 ns     17389834 ns           42 flops=1.92954G/s
170: BM_SGEMM_EXO/n:512   197791681 ns    197789351 ns            3 flops=1.35718G/s
170: BM_SGEMM_EXO/n:4096 1868654407 ns   1868615975 ns            1 flops=73.5512G/s
170: BM_SGEMM_EXO/n:8192 1.6180e+10 ns   1.6180e+10 ns            1 flops=67.957G/s
BLOCKS: M=4096, K=4096
170: BM_SGEMM_EXO/n:8           523 ns          523 ns      1352767 flops=1.95831G/s
170: BM_SGEMM_EXO/n:16         2552 ns         2552 ns       275689 flops=3.21019G/s
170: BM_SGEMM_EXO/n:32        20428 ns        20428 ns        34675 flops=3.20808G/s
170: BM_SGEMM_EXO/n:64       180198 ns       180199 ns         3876 flops=2.90949G/s
170: BM_SGEMM_EXO/n:128     1878901 ns      1878894 ns          373 flops=2.23233G/s
170: BM_SGEMM_EXO/n:256    17402852 ns     17402863 ns           41 flops=1.9281G/s
170: BM_SGEMM_EXO/n:512   198553554 ns    198551965 ns            3 flops=1.35197G/s
170: BM_SGEMM_EXO/n:4096 1788372795 ns   1788355680 ns            1 flops=76.8521G/s
170: BM_SGEMM_EXO/n:8192 1.4574e+10 ns   1.4573e+10 ns            1 flops=75.4466G/s
